2024-11-15 01:34:10.530 [info] Log level: Info
2024-11-15 01:34:10.546 [info] VSCODE_MACHINE_ID: ca8da11e-ed89-46dd-858b-86373cca2a58
2024-11-15 01:34:10.546 [info] VSCODE_SESSION_ID: c081c253-cf74-46a9-91b3-55bfbff2a2ef1731634446567
2024-11-15 01:34:10.546 [info] VSCODE_VERSION: 1.95.0
2024-11-15 01:34:10.546 [info] VSCODE_APP_NAME: Gitpod Code
2024-11-15 01:34:10.546 [info] VSCODE_APP_HOST: Gitpod
2024-11-15 01:34:10.546 [info] VSCODE_UI_KIND: web
2024-11-15 01:34:10.546 [info] GITPOD_WORKSPACE_CONTEXT_URL: https://github.com/freeCodeCamp/boilerplate-page-view-time-series-visualizer
2024-11-15 01:34:10.546 [info] GITPOD_INSTANCE_ID: c9b8b90f-b412-4b58-b44a-6f6cda9504fc
2024-11-15 01:34:10.546 [info] GITPOD_WORKSPACE_URL: https://freecodecam-boilerplate-tsa6vm5ewwd.ws-us116.gitpod.io
2024-11-15 01:34:10.553 [info] Gitpod Web 7ff72a2
2024-11-15 01:34:10.553 [info] Reading sessions from keychain...
2024-11-15 01:34:10.754 [info] Getting sessions for all scopes...
2024-11-15 01:34:10.754 [info] Getting sessions for all scopes...
2024-11-15 01:34:10.754 [info] Getting GitHub sessions for all scopes...
2024-11-15 01:34:10.754 [info] Getting sessions for function:accessCodeSyncStorage...
2024-11-15 01:34:10.754 [info] Got stored sessions!
2024-11-15 01:34:10.754 [info] Verified session with the following scopes: function:accessCodeSyncStorage function:closePort function:controlAdmission function:deleteEnvVar function:generateNewGitpodToken function:getDefaultWorkspaceImage function:getGitpodTokenScopes function:getIDToken function:getLoggedInUser function:getOpenPorts function:getSupportedWorkspaceClasses function:getTeams function:getToken function:getWorkspace function:getWorkspaceEnvVars function:getWorkspaceOwner function:getWorkspaceTimeout function:getWorkspaceUsers function:guessGitTokenScopes function:isWorkspaceOwner function:openPort function:sendHeartBeat function:setEnvVar function:setWorkspaceTimeout function:stopWorkspace function:takeSnapshot function:trackEvent function:updateGitStatus function:waitForSnapshot resource:contentBlob::*::create/get resource:envVar::*/**::update resource:envVar::*/*::update resource:envVar::freeCodeCamp/boilerplate-page-view-time-series-visualizer::create/get/update/delete resource:gitpodToken::*::create resource:snapshot::ws-freecodecam-boilerplate-tsa6vm5ewwd::create resource:token::*::get resource:userStorage::*::create/get/update resource:workspace::freecodecam-boilerplate-tsa6vm5ewwd::get/update resource:workspaceInstance::c9b8b90f-b412-4b58-b44a-6f6cda9504fc::get/update/delete
2024-11-15 01:34:10.754 [info] Got 1 verified sessions.
2024-11-15 01:34:10.754 [info] Got 1 sessions for all scopes...
2024-11-15 01:34:10.754 [info] Got 1 sessions for all scopes...
2024-11-15 01:34:10.754 [info] Got 1 sessions for function:accessCodeSyncStorage...
2024-11-15 01:34:10.865 [info] Got 1 GitHub sessions for all scopes...
2024-11-15 01:34:11.034 [info] Getting GitHub sessions for all scopes...
2024-11-15 01:34:11.034 [info] Getting sessions for all scopes...
2024-11-15 01:34:11.034 [info] Got 1 GitHub sessions for all scopes...
2024-11-15 01:34:11.034 [info] Got 1 sessions for all scopes...
2024-11-15 01:34:11.100 [info] Getting GitHub sessions for all scopes...
2024-11-15 01:34:11.100 [info] Got 1 GitHub sessions for all scopes...
2024-11-15 01:34:11.661 [info] Getting GitHub sessions for read:user,repo,user:email,workflow...
2024-11-15 01:34:11.661 [info] Got 0 GitHub sessions for read:user,repo,user:email,workflow...
2024-11-15 01:34:12.185 [info] Getting GitHub sessions for project,read:org,read:user,repo,user:email,workflow...
2024-11-15 01:34:12.185 [info] Got 0 GitHub sessions for project,read:org,read:user,repo,user:email,workflow...
2024-11-15 01:34:12.736 [info] Getting GitHub sessions for read:user,repo,user:email,workflow...
2024-11-15 01:34:12.736 [info] Got 0 GitHub sessions for read:user,repo,user:email,workflow...
2024-11-15 01:34:13.277 [info] Getting GitHub sessions for read:user,repo,user:email...
2024-11-15 01:34:13.277 [info] Got 0 GitHub sessions for read:user,repo,user:email...
2024-11-15 01:34:13.814 [info] Getting GitHub sessions for read:user,repo,user:email,workflow...
2024-11-15 01:34:13.814 [info] Got 0 GitHub sessions for read:user,repo,user:email,workflow...
2024-11-15 02:05:45.524 [error] cannot maintain connection to supervisor 13 INTERNAL: closed
2024-11-15 02:05:46.526 [error] cannot maintain connection to supervisor 13 INTERNAL: closed
2024-11-15 02:05:47.527 [error] cannot maintain connection to supervisor 13 INTERNAL: closed
2024-11-15 02:05:48.529 [error] cannot maintain connection to supervisor 13 INTERNAL: closed
2024-11-15 02:05:49.530 [error] cannot maintain connection to supervisor 13 INTERNAL: closed
2024-11-15 02:05:50.532 [error] cannot maintain connection to supervisor 13 INTERNAL: closed
2024-11-15 02:05:51.535 [error] cannot maintain connection to supervisor 13 INTERNAL: closed
2024-11-15 02:05:52.536 [error] cannot maintain connection to supervisor 13 INTERNAL: closed
2024-11-15 02:05:53.539 [error] cannot maintain connection to supervisor 13 INTERNAL: closed
2024-11-15 02:05:54.540 [error] cannot maintain connection to supervisor 13 INTERNAL: closed
2024-11-15 02:05:55.543 [error] cannot maintain connection to supervisor 13 INTERNAL: closed
2024-11-15 02:05:56.545 [error] cannot maintain connection to supervisor 13 INTERNAL: closed
2024-11-15 02:05:57.546 [error] cannot maintain connection to supervisor 13 INTERNAL: closed
2024-11-15 02:05:58.548 [error] cannot maintain connection to supervisor 13 INTERNAL: closed
