2024-11-13 02:29:45.742 [info] [main] Log level: Info
2024-11-13 02:29:45.742 [info] [main] Validating found git in: "git"
2024-11-13 02:29:45.742 [info] [main] Using git "2.46.0" from "git"
2024-11-13 02:29:45.742 [info] [Model][doInitialScan] Initial repository scan started
2024-11-13 02:29:45.742 [info] > git rev-parse --show-toplevel [2ms]
2024-11-13 02:29:45.742 [info] > git rev-parse --git-dir --git-common-dir [2ms]
2024-11-13 02:29:45.742 [info] [Model][openRepository] Opened repository: /workspace/boilerplate-demographic-data-analyzer
2024-11-13 02:29:45.742 [info] > git config --get commit.template [5ms]
2024-11-13 02:29:45.742 [info] > git rev-parse --show-toplevel [2ms]
2024-11-13 02:29:45.742 [info] [Model][doInitialScan] Initial repository scan completed - repositories (1), closed repositories (0), parent repositories (0), unsafe repositories (0)
2024-11-13 02:29:45.742 [info] > git for-each-ref --format=%(refname)%00%(upstream:short)%00%(objectname)%00%(upstream:track)%00%(upstream:remotename)%00%(upstream:remoteref) refs/heads/main refs/remotes/main [123ms]
2024-11-13 02:29:45.742 [warning] [Git][revParse] Unable to read file: ENOENT: no such file or directory, open '/workspace/boilerplate-demographic-data-analyzer/.git/refs/remotes/origin/main'
2024-11-13 02:29:45.742 [info] > git rev-parse refs/remotes/origin/main [1ms]
2024-11-13 02:29:45.742 [info] > git status -z -uall [5ms]
2024-11-13 02:29:45.742 [info] > git for-each-ref --sort -committerdate --format %(refname) %(objectname) %(*objectname) [3ms]
2024-11-13 02:29:45.742 [info] > git for-each-ref --format=%(refname)%00%(upstream:short)%00%(objectname)%00%(upstream:track)%00%(upstream:remotename)%00%(upstream:remoteref) refs/heads/main refs/remotes/main [7ms]
2024-11-13 02:29:45.742 [info] > git config --get commit.template [5ms]
2024-11-13 02:29:45.742 [info] > git config --local branch.main.vscode-merge-base [13ms]
2024-11-13 02:29:45.742 [warning] [Git][config] git config failed: Failed to execute git
2024-11-13 02:29:45.742 [info] > git for-each-ref --format=%(refname)%00%(upstream:short)%00%(objectname)%00%(upstream:track)%00%(upstream:remotename)%00%(upstream:remoteref) refs/heads/main refs/remotes/main [6ms]
2024-11-13 02:29:45.742 [warning] [Git][revParse] Unable to read file: ENOENT: no such file or directory, open '/workspace/boilerplate-demographic-data-analyzer/.git/refs/remotes/origin/main'
2024-11-13 02:29:45.742 [info] > git reflog main --grep-reflog=branch: Created from *. [6ms]
2024-11-13 02:29:45.742 [info] > git rev-parse refs/remotes/origin/main [5ms]
2024-11-13 02:29:45.742 [info] > git status -z -uall [140ms]
2024-11-13 02:29:45.742 [info] > git symbolic-ref --short refs/remotes/origin/HEAD [144ms]
2024-11-13 02:29:45.742 [info] > git for-each-ref --sort -committerdate --format %(refname) %(objectname) %(*objectname) [144ms]
2024-11-13 02:29:45.742 [info] > git for-each-ref --format=%(refname)%00%(upstream:short)%00%(objectname)%00%(upstream:track)%00%(upstream:remotename)%00%(upstream:remoteref) refs/heads/origin/main refs/remotes/origin/main [13ms]
2024-11-13 02:29:45.742 [info] > git for-each-ref --format=%(refname)%00%(upstream:short)%00%(objectname)%00%(upstream:track)%00%(upstream:remotename)%00%(upstream:remoteref) refs/heads/main refs/remotes/main [10ms]
2024-11-13 02:29:45.768 [info] > git config --local branch.main.vscode-merge-base origin/main [31ms]
2024-11-13 02:29:45.777 [info] > git config --local branch.main.vscode-merge-base [35ms]
2024-11-13 02:29:45.788 [info] > git for-each-ref --format=%(refname)%00%(upstream:short)%00%(objectname)%00%(upstream:track)%00%(upstream:remotename)%00%(upstream:remoteref) refs/heads/origin/main refs/remotes/origin/main [6ms]
2024-11-13 02:29:45.797 [info] > git merge-base refs/heads/main refs/remotes/origin/main [5ms]
2024-11-13 02:29:45.802 [info] > git config --get commit.template [16ms]
2024-11-13 02:29:45.803 [info] > git for-each-ref --format=%(refname)%00%(upstream:short)%00%(objectname)%00%(upstream:track)%00%(upstream:remotename)%00%(upstream:remoteref) refs/heads/main refs/remotes/main [6ms]
2024-11-13 02:29:45.806 [warning] [Git][revParse] Unable to read file: ENOENT: no such file or directory, open '/workspace/boilerplate-demographic-data-analyzer/.git/refs/remotes/origin/main'
2024-11-13 02:29:45.806 [info] > git diff --name-status -z --diff-filter=ADMR 1fed7bb013559779ec8e23a0809644b1581df072...refs/remotes/origin/main [5ms]
2024-11-13 02:29:45.809 [info] > git rev-parse refs/remotes/origin/main [3ms]
2024-11-13 02:29:45.816 [info] > git status -z -uall [4ms]
2024-11-13 02:29:45.818 [info] > git for-each-ref --sort -committerdate --format %(refname) %(objectname) %(*objectname) [3ms]
2024-11-13 02:29:46.243 [info] > git check-ignore -v -z --stdin [2ms]
2024-11-13 02:29:48.494 [info] > git config --local branch.main.github-pr-owner-number [2ms]
2024-11-13 02:29:48.494 [warning] [Git][config] git config failed: Failed to execute git
2024-11-13 02:29:49.703 [info] > git show --textconv :main.py [5ms]
2024-11-13 02:29:49.705 [info] > git ls-files --stage -- /workspace/boilerplate-demographic-data-analyzer/main.py [3ms]
2024-11-13 02:29:49.710 [info] > git cat-file -s 182a57e2aab5ac8db7a3bdce5c6a5d2ff7ea569e [2ms]
2024-11-13 02:29:50.227 [info] > git show --textconv :demographic_data_analyzer.py [3ms]
2024-11-13 02:29:50.229 [info] > git ls-files --stage -- /workspace/boilerplate-demographic-data-analyzer/demographic_data_analyzer.py [2ms]
2024-11-13 02:29:50.234 [info] > git cat-file -s 90a98ec6eafcf02f9ff4a45bc4197c85810a76ab [2ms]
2024-11-13 02:30:23.628 [info] > git config --get commit.template [4ms]
2024-11-13 02:30:23.629 [info] > git for-each-ref --format=%(refname)%00%(upstream:short)%00%(objectname)%00%(upstream:track)%00%(upstream:remotename)%00%(upstream:remoteref) refs/heads/main refs/remotes/main [2ms]
2024-11-13 02:30:23.632 [warning] [Git][revParse] Unable to read file: ENOENT: no such file or directory, open '/workspace/boilerplate-demographic-data-analyzer/.git/refs/remotes/origin/main'
2024-11-13 02:30:23.634 [info] > git rev-parse refs/remotes/origin/main [2ms]
2024-11-13 02:30:23.642 [info] > git status -z -uall [5ms]
2024-11-13 02:30:23.644 [info] > git for-each-ref --sort -committerdate --format %(refname) %(objectname) %(*objectname) [2ms]
2024-11-13 02:30:23.807 [info] > git ls-files --stage -- /workspace/boilerplate-demographic-data-analyzer/demographic_data_analyzer.py [2ms]
2024-11-13 02:30:23.812 [info] > git cat-file -s 90a98ec6eafcf02f9ff4a45bc4197c85810a76ab [2ms]
2024-11-13 02:30:23.991 [info] > git show --textconv :demographic_data_analyzer.py [2ms]
2024-11-13 02:30:34.473 [info] > git show --textconv :main.py [4ms]
2024-11-13 02:30:34.474 [info] > git ls-files --stage -- /workspace/boilerplate-demographic-data-analyzer/main.py [2ms]
2024-11-13 02:30:34.479 [info] > git cat-file -s 182a57e2aab5ac8db7a3bdce5c6a5d2ff7ea569e [2ms]
2024-11-13 02:30:36.139 [info] > git show --textconv :test_module.py [4ms]
2024-11-13 02:30:36.140 [info] > git ls-files --stage -- /workspace/boilerplate-demographic-data-analyzer/test_module.py [1ms]
2024-11-13 02:30:36.145 [info] > git cat-file -s 16424a63b832b6738fc84cb027f798b01c255c6f [2ms]
2024-11-13 02:30:39.243 [info] > git show --textconv :demographic_data_analyzer.py [4ms]
2024-11-13 02:30:39.244 [info] > git ls-files --stage -- /workspace/boilerplate-demographic-data-analyzer/demographic_data_analyzer.py [2ms]
2024-11-13 02:30:39.249 [info] > git cat-file -s 90a98ec6eafcf02f9ff4a45bc4197c85810a76ab [2ms]
2024-11-13 02:30:48.118 [info] > git ls-files --stage -- /workspace/boilerplate-demographic-data-analyzer/adult.data.csv [2ms]
2024-11-13 02:30:48.125 [info] > git show --textconv :adult.data.csv [13ms]
2024-11-13 02:30:48.125 [info] > git cat-file -s a0d83efa17de9b1583777d8f53ad911aedb29142 [3ms]
2024-11-13 02:30:49.179 [info] > git show --textconv :demographic_data_analyzer.py [5ms]
2024-11-13 02:30:49.181 [info] > git ls-files --stage -- /workspace/boilerplate-demographic-data-analyzer/demographic_data_analyzer.py [3ms]
2024-11-13 02:30:49.188 [info] > git cat-file -s 90a98ec6eafcf02f9ff4a45bc4197c85810a76ab [2ms]
2024-11-13 02:32:24.160 [info] > git config --get commit.template [4ms]
2024-11-13 02:32:24.162 [info] > git for-each-ref --format=%(refname)%00%(upstream:short)%00%(objectname)%00%(upstream:track)%00%(upstream:remotename)%00%(upstream:remoteref) refs/heads/main refs/remotes/main [2ms]
2024-11-13 02:32:24.165 [warning] [Git][revParse] Unable to read file: ENOENT: no such file or directory, open '/workspace/boilerplate-demographic-data-analyzer/.git/refs/remotes/origin/main'
2024-11-13 02:32:24.166 [info] > git rev-parse refs/remotes/origin/main [1ms]
2024-11-13 02:32:24.173 [info] > git status -z -uall [4ms]
2024-11-13 02:32:24.175 [info] > git for-each-ref --sort -committerdate --format %(refname) %(objectname) %(*objectname) [2ms]
2024-11-13 02:32:29.190 [info] > git config --get commit.template [4ms]
2024-11-13 02:32:29.191 [info] > git for-each-ref --format=%(refname)%00%(upstream:short)%00%(objectname)%00%(upstream:track)%00%(upstream:remotename)%00%(upstream:remoteref) refs/heads/main refs/remotes/main [2ms]
2024-11-13 02:32:29.194 [warning] [Git][revParse] Unable to read file: ENOENT: no such file or directory, open '/workspace/boilerplate-demographic-data-analyzer/.git/refs/remotes/origin/main'
2024-11-13 02:32:29.196 [info] > git rev-parse refs/remotes/origin/main [2ms]
2024-11-13 02:32:29.202 [info] > git status -z -uall [3ms]
2024-11-13 02:32:29.204 [info] > git for-each-ref --sort -committerdate --format %(refname) %(objectname) %(*objectname) [2ms]
2024-11-13 02:32:38.935 [info] > git config --get commit.template [4ms]
2024-11-13 02:32:38.936 [info] > git for-each-ref --format=%(refname)%00%(upstream:short)%00%(objectname)%00%(upstream:track)%00%(upstream:remotename)%00%(upstream:remoteref) refs/heads/main refs/remotes/main [2ms]
2024-11-13 02:32:38.939 [warning] [Git][revParse] Unable to read file: ENOENT: no such file or directory, open '/workspace/boilerplate-demographic-data-analyzer/.git/refs/remotes/origin/main'
2024-11-13 02:32:38.941 [info] > git rev-parse refs/remotes/origin/main [2ms]
2024-11-13 02:32:38.949 [info] > git status -z -uall [4ms]
2024-11-13 02:32:38.951 [info] > git for-each-ref --sort -committerdate --format %(refname) %(objectname) %(*objectname) [3ms]
2024-11-13 02:32:46.645 [info] > git config --get commit.template [4ms]
2024-11-13 02:32:46.646 [info] > git for-each-ref --format=%(refname)%00%(upstream:short)%00%(objectname)%00%(upstream:track)%00%(upstream:remotename)%00%(upstream:remoteref) refs/heads/main refs/remotes/main [2ms]
2024-11-13 02:32:46.650 [warning] [Git][revParse] Unable to read file: ENOENT: no such file or directory, open '/workspace/boilerplate-demographic-data-analyzer/.git/refs/remotes/origin/main'
2024-11-13 02:32:46.652 [info] > git rev-parse refs/remotes/origin/main [2ms]
2024-11-13 02:32:46.660 [info] > git status -z -uall [4ms]
2024-11-13 02:32:46.661 [info] > git for-each-ref --sort -committerdate --format %(refname) %(objectname) %(*objectname) [2ms]
2024-11-13 02:32:55.009 [info] > git config --get commit.template [5ms]
2024-11-13 02:32:55.009 [info] > git for-each-ref --format=%(refname)%00%(upstream:short)%00%(objectname)%00%(upstream:track)%00%(upstream:remotename)%00%(upstream:remoteref) refs/heads/main refs/remotes/main [2ms]
2024-11-13 02:32:55.013 [warning] [Git][revParse] Unable to read file: ENOENT: no such file or directory, open '/workspace/boilerplate-demographic-data-analyzer/.git/refs/remotes/origin/main'
2024-11-13 02:32:55.014 [info] > git rev-parse refs/remotes/origin/main [1ms]
2024-11-13 02:32:55.021 [info] > git status -z -uall [4ms]
2024-11-13 02:32:55.023 [info] > git for-each-ref --sort -committerdate --format %(refname) %(objectname) %(*objectname) [2ms]
2024-11-13 02:33:03.731 [info] > git config --get commit.template [5ms]
2024-11-13 02:33:03.732 [info] > git for-each-ref --format=%(refname)%00%(upstream:short)%00%(objectname)%00%(upstream:track)%00%(upstream:remotename)%00%(upstream:remoteref) refs/heads/main refs/remotes/main [2ms]
2024-11-13 02:33:03.736 [warning] [Git][revParse] Unable to read file: ENOENT: no such file or directory, open '/workspace/boilerplate-demographic-data-analyzer/.git/refs/remotes/origin/main'
2024-11-13 02:33:03.737 [info] > git rev-parse refs/remotes/origin/main [1ms]
2024-11-13 02:33:03.746 [info] > git status -z -uall [5ms]
2024-11-13 02:33:03.748 [info] > git for-each-ref --sort -committerdate --format %(refname) %(objectname) %(*objectname) [2ms]
2024-11-13 02:33:14.163 [info] > git config --get commit.template [5ms]
2024-11-13 02:33:14.164 [info] > git for-each-ref --format=%(refname)%00%(upstream:short)%00%(objectname)%00%(upstream:track)%00%(upstream:remotename)%00%(upstream:remoteref) refs/heads/main refs/remotes/main [2ms]
2024-11-13 02:33:14.168 [warning] [Git][revParse] Unable to read file: ENOENT: no such file or directory, open '/workspace/boilerplate-demographic-data-analyzer/.git/refs/remotes/origin/main'
2024-11-13 02:33:14.170 [info] > git rev-parse refs/remotes/origin/main [2ms]
2024-11-13 02:33:14.178 [info] > git status -z -uall [4ms]
2024-11-13 02:33:14.180 [info] > git for-each-ref --sort -committerdate --format %(refname) %(objectname) %(*objectname) [2ms]
2024-11-13 02:33:19.250 [info] > git config --get commit.template [4ms]
2024-11-13 02:33:19.251 [info] > git for-each-ref --format=%(refname)%00%(upstream:short)%00%(objectname)%00%(upstream:track)%00%(upstream:remotename)%00%(upstream:remoteref) refs/heads/main refs/remotes/main [2ms]
2024-11-13 02:33:19.255 [warning] [Git][revParse] Unable to read file: ENOENT: no such file or directory, open '/workspace/boilerplate-demographic-data-analyzer/.git/refs/remotes/origin/main'
2024-11-13 02:33:19.256 [info] > git rev-parse refs/remotes/origin/main [1ms]
2024-11-13 02:33:19.265 [info] > git status -z -uall [5ms]
2024-11-13 02:33:19.266 [info] > git for-each-ref --sort -committerdate --format %(refname) %(objectname) %(*objectname) [2ms]
2024-11-13 02:33:38.206 [info] > git config --get commit.template [4ms]
2024-11-13 02:33:38.208 [info] > git for-each-ref --format=%(refname)%00%(upstream:short)%00%(objectname)%00%(upstream:track)%00%(upstream:remotename)%00%(upstream:remoteref) refs/heads/main refs/remotes/main [2ms]
2024-11-13 02:33:38.212 [warning] [Git][revParse] Unable to read file: ENOENT: no such file or directory, open '/workspace/boilerplate-demographic-data-analyzer/.git/refs/remotes/origin/main'
2024-11-13 02:33:38.213 [info] > git rev-parse refs/remotes/origin/main [1ms]
2024-11-13 02:33:38.220 [info] > git status -z -uall [4ms]
2024-11-13 02:33:38.222 [info] > git for-each-ref --sort -committerdate --format %(refname) %(objectname) %(*objectname) [2ms]
2024-11-13 02:33:46.882 [info] > git config --get commit.template [4ms]
2024-11-13 02:33:46.883 [info] > git for-each-ref --format=%(refname)%00%(upstream:short)%00%(objectname)%00%(upstream:track)%00%(upstream:remotename)%00%(upstream:remoteref) refs/heads/main refs/remotes/main [2ms]
2024-11-13 02:33:46.887 [warning] [Git][revParse] Unable to read file: ENOENT: no such file or directory, open '/workspace/boilerplate-demographic-data-analyzer/.git/refs/remotes/origin/main'
2024-11-13 02:33:46.889 [info] > git rev-parse refs/remotes/origin/main [2ms]
2024-11-13 02:33:46.897 [info] > git status -z -uall [4ms]
2024-11-13 02:33:46.899 [info] > git for-each-ref --sort -committerdate --format %(refname) %(objectname) %(*objectname) [2ms]
2024-11-13 02:34:01.824 [info] > git config --get commit.template [6ms]
2024-11-13 02:34:01.825 [info] > git for-each-ref --format=%(refname)%00%(upstream:short)%00%(objectname)%00%(upstream:track)%00%(upstream:remotename)%00%(upstream:remoteref) refs/heads/main refs/remotes/main [2ms]
2024-11-13 02:34:01.829 [warning] [Git][revParse] Unable to read file: ENOENT: no such file or directory, open '/workspace/boilerplate-demographic-data-analyzer/.git/refs/remotes/origin/main'
2024-11-13 02:34:01.830 [info] > git rev-parse refs/remotes/origin/main [2ms]
2024-11-13 02:34:01.838 [info] > git status -z -uall [4ms]
2024-11-13 02:34:01.840 [info] > git for-each-ref --sort -committerdate --format %(refname) %(objectname) %(*objectname) [2ms]
2024-11-13 02:34:07.689 [info] > git config --get commit.template [5ms]
2024-11-13 02:34:07.690 [info] > git for-each-ref --format=%(refname)%00%(upstream:short)%00%(objectname)%00%(upstream:track)%00%(upstream:remotename)%00%(upstream:remoteref) refs/heads/main refs/remotes/main [2ms]
2024-11-13 02:34:07.694 [warning] [Git][revParse] Unable to read file: ENOENT: no such file or directory, open '/workspace/boilerplate-demographic-data-analyzer/.git/refs/remotes/origin/main'
2024-11-13 02:34:07.695 [info] > git rev-parse refs/remotes/origin/main [1ms]
2024-11-13 02:34:07.702 [info] > git status -z -uall [4ms]
2024-11-13 02:34:07.704 [info] > git for-each-ref --sort -committerdate --format %(refname) %(objectname) %(*objectname) [2ms]
2024-11-13 02:34:14.761 [info] > git config --get commit.template [5ms]
2024-11-13 02:34:14.762 [info] > git for-each-ref --format=%(refname)%00%(upstream:short)%00%(objectname)%00%(upstream:track)%00%(upstream:remotename)%00%(upstream:remoteref) refs/heads/main refs/remotes/main [2ms]
2024-11-13 02:34:14.766 [warning] [Git][revParse] Unable to read file: ENOENT: no such file or directory, open '/workspace/boilerplate-demographic-data-analyzer/.git/refs/remotes/origin/main'
2024-11-13 02:34:14.768 [info] > git rev-parse refs/remotes/origin/main [2ms]
2024-11-13 02:34:14.777 [info] > git status -z -uall [5ms]
2024-11-13 02:34:14.778 [info] > git for-each-ref --sort -committerdate --format %(refname) %(objectname) %(*objectname) [2ms]
2024-11-13 02:34:20.522 [info] > git config --get commit.template [5ms]
2024-11-13 02:34:20.523 [info] > git for-each-ref --format=%(refname)%00%(upstream:short)%00%(objectname)%00%(upstream:track)%00%(upstream:remotename)%00%(upstream:remoteref) refs/heads/main refs/remotes/main [2ms]
2024-11-13 02:34:20.526 [warning] [Git][revParse] Unable to read file: ENOENT: no such file or directory, open '/workspace/boilerplate-demographic-data-analyzer/.git/refs/remotes/origin/main'
2024-11-13 02:34:20.528 [info] > git rev-parse refs/remotes/origin/main [2ms]
2024-11-13 02:34:20.538 [info] > git status -z -uall [4ms]
2024-11-13 02:34:20.540 [info] > git for-each-ref --sort -committerdate --format %(refname) %(objectname) %(*objectname) [2ms]
2024-11-13 02:34:42.504 [info] > git config --get commit.template [5ms]
2024-11-13 02:34:42.505 [info] > git for-each-ref --format=%(refname)%00%(upstream:short)%00%(objectname)%00%(upstream:track)%00%(upstream:remotename)%00%(upstream:remoteref) refs/heads/main refs/remotes/main [1ms]
2024-11-13 02:34:42.510 [warning] [Git][revParse] Unable to read file: ENOENT: no such file or directory, open '/workspace/boilerplate-demographic-data-analyzer/.git/refs/remotes/origin/main'
2024-11-13 02:34:42.512 [info] > git rev-parse refs/remotes/origin/main [2ms]
2024-11-13 02:34:42.520 [info] > git status -z -uall [5ms]
2024-11-13 02:34:42.522 [info] > git for-each-ref --sort -committerdate --format %(refname) %(objectname) %(*objectname) [3ms]
2024-11-13 02:34:47.533 [info] > git config --get commit.template [5ms]
2024-11-13 02:34:47.535 [info] > git for-each-ref --format=%(refname)%00%(upstream:short)%00%(objectname)%00%(upstream:track)%00%(upstream:remotename)%00%(upstream:remoteref) refs/heads/main refs/remotes/main [2ms]
2024-11-13 02:34:47.539 [warning] [Git][revParse] Unable to read file: ENOENT: no such file or directory, open '/workspace/boilerplate-demographic-data-analyzer/.git/refs/remotes/origin/main'
2024-11-13 02:34:47.541 [info] > git rev-parse refs/remotes/origin/main [2ms]
2024-11-13 02:34:47.551 [info] > git status -z -uall [5ms]
2024-11-13 02:34:47.553 [info] > git for-each-ref --sort -committerdate --format %(refname) %(objectname) %(*objectname) [3ms]
2024-11-13 02:35:06.454 [info] > git config --get commit.template [5ms]
2024-11-13 02:35:06.455 [info] > git for-each-ref --format=%(refname)%00%(upstream:short)%00%(objectname)%00%(upstream:track)%00%(upstream:remotename)%00%(upstream:remoteref) refs/heads/main refs/remotes/main [2ms]
2024-11-13 02:35:06.459 [warning] [Git][revParse] Unable to read file: ENOENT: no such file or directory, open '/workspace/boilerplate-demographic-data-analyzer/.git/refs/remotes/origin/main'
2024-11-13 02:35:06.461 [info] > git rev-parse refs/remotes/origin/main [2ms]
2024-11-13 02:35:06.468 [info] > git status -z -uall [3ms]
2024-11-13 02:35:06.470 [info] > git for-each-ref --sort -committerdate --format %(refname) %(objectname) %(*objectname) [2ms]
2024-11-13 02:35:06.809 [info] > git check-ignore -v -z --stdin [2ms]
2024-11-13 02:36:19.071 [info] > git config --get commit.template [5ms]
2024-11-13 02:36:19.072 [info] > git for-each-ref --format=%(refname)%00%(upstream:short)%00%(objectname)%00%(upstream:track)%00%(upstream:remotename)%00%(upstream:remoteref) refs/heads/main refs/remotes/main [2ms]
2024-11-13 02:36:19.076 [warning] [Git][revParse] Unable to read file: ENOENT: no such file or directory, open '/workspace/boilerplate-demographic-data-analyzer/.git/refs/remotes/origin/main'
2024-11-13 02:36:19.077 [info] > git rev-parse refs/remotes/origin/main [1ms]
2024-11-13 02:36:19.085 [info] > git status -z -uall [4ms]
2024-11-13 02:36:19.088 [info] > git for-each-ref --sort -committerdate --format %(refname) %(objectname) %(*objectname) [3ms]
2024-11-13 02:36:37.511 [info] > git ls-files --stage -- /workspace/boilerplate-demographic-data-analyzer/adult.data.csv [2ms]
2024-11-13 02:36:37.518 [info] > git show --textconv :adult.data.csv [12ms]
2024-11-13 02:36:37.518 [info] > git cat-file -s a0d83efa17de9b1583777d8f53ad911aedb29142 [4ms]
2024-11-13 02:36:38.680 [info] > git show --textconv :demographic_data_analyzer.py [4ms]
2024-11-13 02:36:38.682 [info] > git ls-files --stage -- /workspace/boilerplate-demographic-data-analyzer/demographic_data_analyzer.py [2ms]
2024-11-13 02:36:38.688 [info] > git cat-file -s 90a98ec6eafcf02f9ff4a45bc4197c85810a76ab [2ms]
2024-11-13 02:36:53.950 [info] > git config --get commit.template [5ms]
2024-11-13 02:36:53.950 [info] > git for-each-ref --format=%(refname)%00%(upstream:short)%00%(objectname)%00%(upstream:track)%00%(upstream:remotename)%00%(upstream:remoteref) refs/heads/main refs/remotes/main [2ms]
2024-11-13 02:36:53.953 [warning] [Git][revParse] Unable to read file: ENOENT: no such file or directory, open '/workspace/boilerplate-demographic-data-analyzer/.git/refs/remotes/origin/main'
2024-11-13 02:36:53.955 [info] > git rev-parse refs/remotes/origin/main [2ms]
2024-11-13 02:36:53.962 [info] > git status -z -uall [4ms]
2024-11-13 02:36:53.963 [info] > git for-each-ref --sort -committerdate --format %(refname) %(objectname) %(*objectname) [2ms]
2024-11-13 02:36:58.974 [info] > git config --get commit.template [5ms]
2024-11-13 02:36:58.975 [info] > git for-each-ref --format=%(refname)%00%(upstream:short)%00%(objectname)%00%(upstream:track)%00%(upstream:remotename)%00%(upstream:remoteref) refs/heads/main refs/remotes/main [2ms]
2024-11-13 02:36:58.979 [warning] [Git][revParse] Unable to read file: ENOENT: no such file or directory, open '/workspace/boilerplate-demographic-data-analyzer/.git/refs/remotes/origin/main'
2024-11-13 02:36:58.980 [info] > git rev-parse refs/remotes/origin/main [1ms]
2024-11-13 02:36:58.987 [info] > git status -z -uall [3ms]
2024-11-13 02:36:58.988 [info] > git for-each-ref --sort -committerdate --format %(refname) %(objectname) %(*objectname) [2ms]
2024-11-13 02:37:11.607 [info] > git config --get commit.template [4ms]
2024-11-13 02:37:11.609 [info] > git for-each-ref --format=%(refname)%00%(upstream:short)%00%(objectname)%00%(upstream:track)%00%(upstream:remotename)%00%(upstream:remoteref) refs/heads/main refs/remotes/main [2ms]
2024-11-13 02:37:11.615 [warning] [Git][revParse] Unable to read file: ENOENT: no such file or directory, open '/workspace/boilerplate-demographic-data-analyzer/.git/refs/remotes/origin/main'
2024-11-13 02:37:11.618 [info] > git rev-parse refs/remotes/origin/main [3ms]
2024-11-13 02:37:11.629 [info] > git status -z -uall [5ms]
2024-11-13 02:37:11.631 [info] > git for-each-ref --sort -committerdate --format %(refname) %(objectname) %(*objectname) [3ms]
2024-11-13 02:37:16.642 [info] > git config --get commit.template [4ms]
2024-11-13 02:37:16.644 [info] > git for-each-ref --format=%(refname)%00%(upstream:short)%00%(objectname)%00%(upstream:track)%00%(upstream:remotename)%00%(upstream:remoteref) refs/heads/main refs/remotes/main [1ms]
2024-11-13 02:37:16.646 [warning] [Git][revParse] Unable to read file: ENOENT: no such file or directory, open '/workspace/boilerplate-demographic-data-analyzer/.git/refs/remotes/origin/main'
2024-11-13 02:37:16.648 [info] > git rev-parse refs/remotes/origin/main [2ms]
2024-11-13 02:37:16.654 [info] > git status -z -uall [3ms]
2024-11-13 02:37:16.655 [info] > git for-each-ref --sort -committerdate --format %(refname) %(objectname) %(*objectname) [1ms]
2024-11-13 02:54:10.588 [info] > git config --get commit.template [4ms]
2024-11-13 02:54:10.590 [info] > git for-each-ref --format=%(refname)%00%(upstream:short)%00%(objectname)%00%(upstream:track)%00%(upstream:remotename)%00%(upstream:remoteref) refs/heads/main refs/remotes/main [2ms]
2024-11-13 02:54:10.594 [warning] [Git][revParse] Unable to read file: ENOENT: no such file or directory, open '/workspace/boilerplate-demographic-data-analyzer/.git/refs/remotes/origin/main'
2024-11-13 02:54:10.596 [info] > git rev-parse refs/remotes/origin/main [2ms]
2024-11-13 02:54:10.605 [info] > git status -z -uall [5ms]
2024-11-13 02:54:10.607 [info] > git for-each-ref --sort -committerdate --format %(refname) %(objectname) %(*objectname) [3ms]
2024-11-13 02:54:15.617 [info] > git config --get commit.template [4ms]
2024-11-13 02:54:15.619 [info] > git for-each-ref --format=%(refname)%00%(upstream:short)%00%(objectname)%00%(upstream:track)%00%(upstream:remotename)%00%(upstream:remoteref) refs/heads/main refs/remotes/main [2ms]
2024-11-13 02:54:15.621 [warning] [Git][revParse] Unable to read file: ENOENT: no such file or directory, open '/workspace/boilerplate-demographic-data-analyzer/.git/refs/remotes/origin/main'
2024-11-13 02:54:15.623 [info] > git rev-parse refs/remotes/origin/main [2ms]
2024-11-13 02:54:15.630 [info] > git status -z -uall [4ms]
2024-11-13 02:54:15.632 [info] > git for-each-ref --sort -committerdate --format %(refname) %(objectname) %(*objectname) [2ms]
2024-11-13 02:54:20.642 [info] > git config --get commit.template [4ms]
2024-11-13 02:54:20.643 [info] > git for-each-ref --format=%(refname)%00%(upstream:short)%00%(objectname)%00%(upstream:track)%00%(upstream:remotename)%00%(upstream:remoteref) refs/heads/main refs/remotes/main [2ms]
2024-11-13 02:54:20.647 [warning] [Git][revParse] Unable to read file: ENOENT: no such file or directory, open '/workspace/boilerplate-demographic-data-analyzer/.git/refs/remotes/origin/main'
2024-11-13 02:54:20.649 [info] > git rev-parse refs/remotes/origin/main [2ms]
2024-11-13 02:54:20.656 [info] > git status -z -uall [4ms]
2024-11-13 02:54:20.657 [info] > git for-each-ref --sort -committerdate --format %(refname) %(objectname) %(*objectname) [2ms]
2024-11-13 02:54:40.880 [info] > git show --textconv :test_module.py [4ms]
2024-11-13 02:54:40.882 [info] > git ls-files --stage -- /workspace/boilerplate-demographic-data-analyzer/test_module.py [1ms]
2024-11-13 02:54:40.887 [info] > git cat-file -s 16424a63b832b6738fc84cb027f798b01c255c6f [2ms]
2024-11-13 02:56:36.751 [info] > git show --textconv :demographic_data_analyzer.py [5ms]
2024-11-13 02:56:36.752 [info] > git ls-files --stage -- /workspace/boilerplate-demographic-data-analyzer/demographic_data_analyzer.py [2ms]
2024-11-13 02:56:36.758 [info] > git cat-file -s 90a98ec6eafcf02f9ff4a45bc4197c85810a76ab [2ms]
2024-11-13 02:56:42.748 [info] > git config --get commit.template [5ms]
2024-11-13 02:56:42.751 [info] > git for-each-ref --format=%(refname)%00%(upstream:short)%00%(objectname)%00%(upstream:track)%00%(upstream:remotename)%00%(upstream:remoteref) refs/heads/main refs/remotes/main [3ms]
2024-11-13 02:56:42.755 [warning] [Git][revParse] Unable to read file: ENOENT: no such file or directory, open '/workspace/boilerplate-demographic-data-analyzer/.git/refs/remotes/origin/main'
2024-11-13 02:56:42.756 [info] > git rev-parse refs/remotes/origin/main [2ms]
2024-11-13 02:56:42.764 [info] > git status -z -uall [5ms]
2024-11-13 02:56:42.765 [info] > git for-each-ref --sort -committerdate --format %(refname) %(objectname) %(*objectname) [2ms]
2024-11-13 02:56:47.777 [info] > git config --get commit.template [5ms]
2024-11-13 02:56:47.778 [info] > git for-each-ref --format=%(refname)%00%(upstream:short)%00%(objectname)%00%(upstream:track)%00%(upstream:remotename)%00%(upstream:remoteref) refs/heads/main refs/remotes/main [2ms]
2024-11-13 02:56:47.781 [warning] [Git][revParse] Unable to read file: ENOENT: no such file or directory, open '/workspace/boilerplate-demographic-data-analyzer/.git/refs/remotes/origin/main'
2024-11-13 02:56:47.783 [info] > git rev-parse refs/remotes/origin/main [2ms]
2024-11-13 02:56:47.789 [info] > git status -z -uall [3ms]
2024-11-13 02:56:47.791 [info] > git for-each-ref --sort -committerdate --format %(refname) %(objectname) %(*objectname) [2ms]
2024-11-13 02:56:56.183 [info] > git config --get commit.template [4ms]
2024-11-13 02:56:56.185 [info] > git for-each-ref --format=%(refname)%00%(upstream:short)%00%(objectname)%00%(upstream:track)%00%(upstream:remotename)%00%(upstream:remoteref) refs/heads/main refs/remotes/main [2ms]
2024-11-13 02:56:56.188 [warning] [Git][revParse] Unable to read file: ENOENT: no such file or directory, open '/workspace/boilerplate-demographic-data-analyzer/.git/refs/remotes/origin/main'
2024-11-13 02:56:56.190 [info] > git rev-parse refs/remotes/origin/main [2ms]
2024-11-13 02:56:56.196 [info] > git status -z -uall [3ms]
2024-11-13 02:56:56.198 [info] > git for-each-ref --sort -committerdate --format %(refname) %(objectname) %(*objectname) [2ms]
2024-11-13 02:57:01.209 [info] > git config --get commit.template [4ms]
2024-11-13 02:57:01.211 [info] > git for-each-ref --format=%(refname)%00%(upstream:short)%00%(objectname)%00%(upstream:track)%00%(upstream:remotename)%00%(upstream:remoteref) refs/heads/main refs/remotes/main [3ms]
2024-11-13 02:57:01.214 [warning] [Git][revParse] Unable to read file: ENOENT: no such file or directory, open '/workspace/boilerplate-demographic-data-analyzer/.git/refs/remotes/origin/main'
2024-11-13 02:57:01.215 [info] > git rev-parse refs/remotes/origin/main [1ms]
2024-11-13 02:57:01.222 [info] > git status -z -uall [3ms]
2024-11-13 02:57:01.224 [info] > git for-each-ref --sort -committerdate --format %(refname) %(objectname) %(*objectname) [2ms]
2024-11-13 02:58:28.526 [info] > git config --get commit.template [5ms]
2024-11-13 02:58:28.528 [info] > git for-each-ref --format=%(refname)%00%(upstream:short)%00%(objectname)%00%(upstream:track)%00%(upstream:remotename)%00%(upstream:remoteref) refs/heads/main refs/remotes/main [2ms]
2024-11-13 02:58:28.533 [warning] [Git][revParse] Unable to read file: ENOENT: no such file or directory, open '/workspace/boilerplate-demographic-data-analyzer/.git/refs/remotes/origin/main'
2024-11-13 02:58:28.536 [info] > git rev-parse refs/remotes/origin/main [3ms]
2024-11-13 02:58:28.547 [info] > git status -z -uall [6ms]
2024-11-13 02:58:28.550 [info] > git for-each-ref --sort -committerdate --format %(refname) %(objectname) %(*objectname) [3ms]
2024-11-13 02:58:33.561 [info] > git config --get commit.template [4ms]
2024-11-13 02:58:33.562 [info] > git for-each-ref --format=%(refname)%00%(upstream:short)%00%(objectname)%00%(upstream:track)%00%(upstream:remotename)%00%(upstream:remoteref) refs/heads/main refs/remotes/main [2ms]
2024-11-13 02:58:33.566 [warning] [Git][revParse] Unable to read file: ENOENT: no such file or directory, open '/workspace/boilerplate-demographic-data-analyzer/.git/refs/remotes/origin/main'
2024-11-13 02:58:33.568 [info] > git rev-parse refs/remotes/origin/main [2ms]
2024-11-13 02:58:33.576 [info] > git status -z -uall [4ms]
2024-11-13 02:58:33.578 [info] > git for-each-ref --sort -committerdate --format %(refname) %(objectname) %(*objectname) [3ms]
2024-11-13 02:58:39.454 [info] > git config --get commit.template [5ms]
2024-11-13 02:58:39.456 [info] > git for-each-ref --format=%(refname)%00%(upstream:short)%00%(objectname)%00%(upstream:track)%00%(upstream:remotename)%00%(upstream:remoteref) refs/heads/main refs/remotes/main [2ms]
2024-11-13 02:58:39.459 [warning] [Git][revParse] Unable to read file: ENOENT: no such file or directory, open '/workspace/boilerplate-demographic-data-analyzer/.git/refs/remotes/origin/main'
2024-11-13 02:58:39.461 [info] > git rev-parse refs/remotes/origin/main [2ms]
2024-11-13 02:58:39.469 [info] > git status -z -uall [4ms]
2024-11-13 02:58:39.471 [info] > git for-each-ref --sort -committerdate --format %(refname) %(objectname) %(*objectname) [2ms]
2024-11-13 02:58:50.652 [info] > git config --get commit.template [5ms]
2024-11-13 02:58:50.653 [info] > git for-each-ref --format=%(refname)%00%(upstream:short)%00%(objectname)%00%(upstream:track)%00%(upstream:remotename)%00%(upstream:remoteref) refs/heads/main refs/remotes/main [2ms]
2024-11-13 02:58:50.657 [warning] [Git][revParse] Unable to read file: ENOENT: no such file or directory, open '/workspace/boilerplate-demographic-data-analyzer/.git/refs/remotes/origin/main'
2024-11-13 02:58:50.659 [info] > git rev-parse refs/remotes/origin/main [2ms]
2024-11-13 02:58:50.667 [info] > git status -z -uall [5ms]
2024-11-13 02:58:50.669 [info] > git for-each-ref --sort -committerdate --format %(refname) %(objectname) %(*objectname) [3ms]
2024-11-13 02:58:55.680 [info] > git config --get commit.template [4ms]
2024-11-13 02:58:55.681 [info] > git for-each-ref --format=%(refname)%00%(upstream:short)%00%(objectname)%00%(upstream:track)%00%(upstream:remotename)%00%(upstream:remoteref) refs/heads/main refs/remotes/main [2ms]
2024-11-13 02:58:55.685 [warning] [Git][revParse] Unable to read file: ENOENT: no such file or directory, open '/workspace/boilerplate-demographic-data-analyzer/.git/refs/remotes/origin/main'
2024-11-13 02:58:55.687 [info] > git rev-parse refs/remotes/origin/main [2ms]
2024-11-13 02:58:55.693 [info] > git status -z -uall [3ms]
2024-11-13 02:58:55.695 [info] > git for-each-ref --sort -committerdate --format %(refname) %(objectname) %(*objectname) [2ms]
2024-11-13 02:59:02.095 [info] > git config --get commit.template [4ms]
2024-11-13 02:59:02.097 [info] > git for-each-ref --format=%(refname)%00%(upstream:short)%00%(objectname)%00%(upstream:track)%00%(upstream:remotename)%00%(upstream:remoteref) refs/heads/main refs/remotes/main [3ms]
2024-11-13 02:59:02.100 [warning] [Git][revParse] Unable to read file: ENOENT: no such file or directory, open '/workspace/boilerplate-demographic-data-analyzer/.git/refs/remotes/origin/main'
2024-11-13 02:59:02.102 [info] > git rev-parse refs/remotes/origin/main [2ms]
2024-11-13 02:59:02.109 [info] > git status -z -uall [4ms]
2024-11-13 02:59:02.110 [info] > git for-each-ref --sort -committerdate --format %(refname) %(objectname) %(*objectname) [2ms]
2024-11-13 02:59:13.308 [info] > git config --get commit.template [4ms]
2024-11-13 02:59:13.309 [info] > git for-each-ref --format=%(refname)%00%(upstream:short)%00%(objectname)%00%(upstream:track)%00%(upstream:remotename)%00%(upstream:remoteref) refs/heads/main refs/remotes/main [2ms]
2024-11-13 02:59:13.313 [warning] [Git][revParse] Unable to read file: ENOENT: no such file or directory, open '/workspace/boilerplate-demographic-data-analyzer/.git/refs/remotes/origin/main'
2024-11-13 02:59:13.314 [info] > git rev-parse refs/remotes/origin/main [1ms]
2024-11-13 02:59:13.322 [info] > git status -z -uall [5ms]
2024-11-13 02:59:13.323 [info] > git for-each-ref --sort -committerdate --format %(refname) %(objectname) %(*objectname) [2ms]
