2024-11-14 22:18:45.504 [info] Log level: Info
2024-11-14 22:18:45.526 [info] VSCODE_MACHINE_ID: ca8da11e-ed89-46dd-858b-86373cca2a58
2024-11-14 22:18:45.526 [info] VSCODE_SESSION_ID: 23a58b0c-1c8a-406e-9301-8c08cbd918c51731622721281
2024-11-14 22:18:45.526 [info] VSCODE_VERSION: 1.95.0
2024-11-14 22:18:45.526 [info] VSCODE_APP_NAME: Gitpod Code
2024-11-14 22:18:45.526 [info] VSCODE_APP_HOST: Gitpod
2024-11-14 22:18:45.526 [info] VSCODE_UI_KIND: web
2024-11-14 22:18:45.526 [info] GITPOD_WORKSPACE_CONTEXT_URL: https://github.com/freeCodeCamp/boilerplate-page-view-time-series-visualizer
2024-11-14 22:18:45.526 [info] GITPOD_INSTANCE_ID: 967c6326-fda2-4d8e-86aa-781059a89d9c
2024-11-14 22:18:45.526 [info] GITPOD_WORKSPACE_URL: https://freecodecam-boilerplate-tsa6vm5ewwd.ws-us116.gitpod.io
2024-11-14 22:18:45.535 [info] Gitpod Web 7ff72a2
2024-11-14 22:18:45.535 [info] Reading sessions from keychain...
2024-11-14 22:18:45.728 [info] Getting sessions for all scopes...
2024-11-14 22:18:45.728 [info] Getting sessions for all scopes...
2024-11-14 22:18:45.728 [info] Getting GitHub sessions for all scopes...
2024-11-14 22:18:45.728 [info] Getting sessions for function:accessCodeSyncStorage...
2024-11-14 22:18:45.728 [info] Got stored sessions!
2024-11-14 22:18:45.729 [info] Verified session with the following scopes: function:accessCodeSyncStorage function:closePort function:controlAdmission function:deleteEnvVar function:generateNewGitpodToken function:getDefaultWorkspaceImage function:getGitpodTokenScopes function:getIDToken function:getLoggedInUser function:getOpenPorts function:getSupportedWorkspaceClasses function:getTeams function:getToken function:getWorkspace function:getWorkspaceEnvVars function:getWorkspaceOwner function:getWorkspaceTimeout function:getWorkspaceUsers function:guessGitTokenScopes function:isWorkspaceOwner function:openPort function:sendHeartBeat function:setEnvVar function:setWorkspaceTimeout function:stopWorkspace function:takeSnapshot function:trackEvent function:updateGitStatus function:waitForSnapshot resource:contentBlob::*::create/get resource:envVar::*/**::update resource:envVar::*/*::update resource:envVar::freeCodeCamp/boilerplate-page-view-time-series-visualizer::create/get/update/delete resource:gitpodToken::*::create resource:snapshot::ws-freecodecam-boilerplate-tsa6vm5ewwd::create resource:token::*::get resource:userStorage::*::create/get/update resource:workspace::freecodecam-boilerplate-tsa6vm5ewwd::get/update resource:workspaceInstance::967c6326-fda2-4d8e-86aa-781059a89d9c::get/update/delete
2024-11-14 22:18:45.729 [info] Got 1 verified sessions.
2024-11-14 22:18:45.729 [info] Got 1 sessions for all scopes...
2024-11-14 22:18:45.729 [info] Got 1 sessions for all scopes...
2024-11-14 22:18:45.729 [info] Got 1 sessions for function:accessCodeSyncStorage...
2024-11-14 22:18:45.954 [info] Got 1 GitHub sessions for all scopes...
2024-11-14 22:18:46.016 [info] Getting GitHub sessions for all scopes...
2024-11-14 22:18:46.016 [info] Getting sessions for all scopes...
2024-11-14 22:18:46.016 [info] Got 1 GitHub sessions for all scopes...
2024-11-14 22:18:46.016 [info] Got 1 sessions for all scopes...
2024-11-14 22:18:46.143 [info] Getting GitHub sessions for all scopes...
2024-11-14 22:18:46.143 [info] Got 1 GitHub sessions for all scopes...
2024-11-14 22:18:46.639 [info] Getting GitHub sessions for read:user,repo,user:email,workflow...
2024-11-14 22:18:46.639 [info] Got 0 GitHub sessions for read:user,repo,user:email,workflow...
2024-11-14 22:18:47.162 [info] Getting GitHub sessions for project,read:org,read:user,repo,user:email,workflow...
2024-11-14 22:18:47.162 [info] Got 0 GitHub sessions for project,read:org,read:user,repo,user:email,workflow...
2024-11-14 22:18:47.684 [info] Getting GitHub sessions for read:user,repo,user:email,workflow...
2024-11-14 22:18:47.684 [info] Got 0 GitHub sessions for read:user,repo,user:email,workflow...
2024-11-14 22:18:48.212 [info] Getting GitHub sessions for read:user,repo,user:email...
2024-11-14 22:18:48.212 [info] Got 0 GitHub sessions for read:user,repo,user:email...
2024-11-14 22:18:48.735 [info] Getting GitHub sessions for read:user,repo,user:email,workflow...
2024-11-14 22:18:48.735 [info] Got 0 GitHub sessions for read:user,repo,user:email,workflow...
2024-11-14 23:11:51.776 [error] cannot maintain connection to supervisor 13 INTERNAL: closed
2024-11-14 23:11:52.778 [error] cannot maintain connection to supervisor 13 INTERNAL: closed
2024-11-14 23:11:53.780 [error] cannot maintain connection to supervisor 13 INTERNAL: closed
2024-11-14 23:11:54.782 [error] cannot maintain connection to supervisor 13 INTERNAL: closed
2024-11-14 23:11:55.784 [error] cannot maintain connection to supervisor 13 INTERNAL: closed
2024-11-14 23:11:56.786 [error] cannot maintain connection to supervisor 13 INTERNAL: closed
2024-11-14 23:11:57.788 [error] cannot maintain connection to supervisor 13 INTERNAL: closed
2024-11-14 23:11:58.790 [error] cannot maintain connection to supervisor 13 INTERNAL: closed
2024-11-14 23:11:59.792 [error] cannot maintain connection to supervisor 13 INTERNAL: closed
2024-11-14 23:12:00.793 [error] cannot maintain connection to supervisor 13 INTERNAL: closed
2024-11-14 23:12:01.795 [error] cannot maintain connection to supervisor 13 INTERNAL: closed
2024-11-14 23:12:02.796 [error] cannot maintain connection to supervisor 13 INTERNAL: closed
2024-11-14 23:12:03.798 [error] cannot maintain connection to supervisor 13 INTERNAL: closed
2024-11-14 23:12:04.800 [error] cannot maintain connection to supervisor 13 INTERNAL: closed
