2024-11-13 02:29:44.801 [info] Log level: Info
2024-11-13 02:29:44.826 [info] VSCODE_MACHINE_ID: f9d27b11-5eec-465b-acb4-5ce689ef2cb4
2024-11-13 02:29:44.826 [info] VSCODE_SESSION_ID: f9db96d4-f7c3-49cd-b64f-61a5c9a5ced81731464980231
2024-11-13 02:29:44.826 [info] VSCODE_VERSION: 1.95.0
2024-11-13 02:29:44.826 [info] VSCODE_APP_NAME: Gitpod Code
2024-11-13 02:29:44.826 [info] VSCODE_APP_HOST: Gitpod
2024-11-13 02:29:44.826 [info] VSCODE_UI_KIND: web
2024-11-13 02:29:44.826 [info] GITPOD_WORKSPACE_CONTEXT_URL: https://github.com/freeCodeCamp/boilerplate-demographic-data-analyzer/
2024-11-13 02:29:44.826 [info] GITPOD_INSTANCE_ID: b3d218d8-65bc-4ec8-8e00-1db49bd1996e
2024-11-13 02:29:44.826 [info] GITPOD_WORKSPACE_URL: https://freecodecam-boilerplate-6er0tjvoi5z.ws-us116.gitpod.io
2024-11-13 02:29:44.833 [info] Gitpod Web 7ff72a2
2024-11-13 02:29:44.833 [info] Reading sessions from keychain...
2024-11-13 02:29:45.026 [info] Getting sessions for all scopes...
2024-11-13 02:29:45.026 [info] Getting sessions for all scopes...
2024-11-13 02:29:45.026 [info] Getting GitHub sessions for all scopes...
2024-11-13 02:29:45.026 [info] Getting sessions for function:accessCodeSyncStorage...
2024-11-13 02:29:45.027 [info] Got stored sessions!
2024-11-13 02:29:45.027 [info] Verified session with the following scopes: function:accessCodeSyncStorage function:closePort function:controlAdmission function:deleteEnvVar function:generateNewGitpodToken function:getDefaultWorkspaceImage function:getGitpodTokenScopes function:getIDToken function:getLoggedInUser function:getOpenPorts function:getSupportedWorkspaceClasses function:getTeams function:getToken function:getWorkspace function:getWorkspaceEnvVars function:getWorkspaceOwner function:getWorkspaceTimeout function:getWorkspaceUsers function:guessGitTokenScopes function:isWorkspaceOwner function:openPort function:sendHeartBeat function:setEnvVar function:setWorkspaceTimeout function:stopWorkspace function:takeSnapshot function:trackEvent function:updateGitStatus function:waitForSnapshot resource:contentBlob::*::create/get resource:envVar::*/**::update resource:envVar::*/*::update resource:envVar::freeCodeCamp/boilerplate-demographic-data-analyzer::create/get/update/delete resource:gitpodToken::*::create resource:snapshot::ws-freecodecam-boilerplate-6er0tjvoi5z::create resource:token::*::get resource:userStorage::*::create/get/update resource:workspace::freecodecam-boilerplate-6er0tjvoi5z::get/update resource:workspaceInstance::b3d218d8-65bc-4ec8-8e00-1db49bd1996e::get/update/delete
2024-11-13 02:29:45.027 [info] Got 1 verified sessions.
2024-11-13 02:29:45.027 [info] Got 1 sessions for all scopes...
2024-11-13 02:29:45.027 [info] Got 1 sessions for all scopes...
2024-11-13 02:29:45.027 [info] Got 1 sessions for function:accessCodeSyncStorage...
2024-11-13 02:29:45.235 [info] Got 1 GitHub sessions for all scopes...
2024-11-13 02:29:45.302 [info] Getting GitHub sessions for all scopes...
2024-11-13 02:29:45.302 [info] Getting sessions for all scopes...
2024-11-13 02:29:45.302 [info] Got 1 GitHub sessions for all scopes...
2024-11-13 02:29:45.302 [info] Got 1 sessions for all scopes...
2024-11-13 02:29:45.514 [info] Getting GitHub sessions for all scopes...
2024-11-13 02:29:45.514 [info] Got 1 GitHub sessions for all scopes...
2024-11-13 02:29:46.054 [info] Getting GitHub sessions for read:user,repo,user:email,workflow...
2024-11-13 02:29:46.054 [info] Got 0 GitHub sessions for read:user,repo,user:email,workflow...
2024-11-13 02:29:46.503 [info] Getting GitHub sessions for project,read:org,read:user,repo,user:email,workflow...
2024-11-13 02:29:46.503 [info] Got 0 GitHub sessions for project,read:org,read:user,repo,user:email,workflow...
2024-11-13 02:29:47.046 [info] Getting GitHub sessions for read:user,repo,user:email,workflow...
2024-11-13 02:29:47.046 [info] Got 0 GitHub sessions for read:user,repo,user:email,workflow...
2024-11-13 02:29:47.573 [info] Getting GitHub sessions for read:user,repo,user:email...
2024-11-13 02:29:47.573 [info] Got 0 GitHub sessions for read:user,repo,user:email...
2024-11-13 02:29:48.121 [info] Getting GitHub sessions for read:user,repo,user:email,workflow...
2024-11-13 02:29:48.121 [info] Got 0 GitHub sessions for read:user,repo,user:email,workflow...
2024-11-13 03:30:19.738 [error] cannot maintain connection to supervisor 13 INTERNAL: closed
2024-11-13 03:30:20.740 [error] cannot maintain connection to supervisor 13 INTERNAL: closed
2024-11-13 03:30:21.742 [error] cannot maintain connection to supervisor 13 INTERNAL: closed
2024-11-13 03:30:22.744 [error] cannot maintain connection to supervisor 13 INTERNAL: closed
2024-11-13 03:30:23.747 [error] cannot maintain connection to supervisor 13 INTERNAL: closed
2024-11-13 03:30:24.749 [error] cannot maintain connection to supervisor 13 INTERNAL: closed
2024-11-13 03:30:25.751 [error] cannot maintain connection to supervisor 13 INTERNAL: closed
2024-11-13 03:30:26.753 [error] cannot maintain connection to supervisor 13 INTERNAL: closed
2024-11-13 03:30:27.756 [error] cannot maintain connection to supervisor 13 INTERNAL: closed
2024-11-13 03:30:28.757 [error] cannot maintain connection to supervisor 13 INTERNAL: closed
2024-11-13 03:30:29.759 [error] cannot maintain connection to supervisor 13 INTERNAL: closed
2024-11-13 03:30:30.762 [error] cannot maintain connection to supervisor 13 INTERNAL: closed
2024-11-13 03:30:31.765 [error] cannot maintain connection to supervisor 13 INTERNAL: closed
2024-11-13 03:30:32.767 [error] cannot maintain connection to supervisor 13 INTERNAL: closed
