2024-11-15 01:34:11.426 [info] [main] Log level: Info
2024-11-15 01:34:11.426 [info] [main] Validating found git in: "git"
2024-11-15 01:34:11.426 [info] [main] Using git "2.46.0" from "git"
2024-11-15 01:34:11.426 [info] [Model][doInitialScan] Initial repository scan started
2024-11-15 01:34:11.426 [info] > git rev-parse --show-toplevel [2ms]
2024-11-15 01:34:11.426 [info] > git rev-parse --git-dir --git-common-dir [117ms]
2024-11-15 01:34:11.426 [info] [Model][openRepository] Opened repository: /workspace/boilerplate-page-view-time-series-visualizer
2024-11-15 01:34:11.426 [info] > git config --get commit.template [4ms]
2024-11-15 01:34:11.426 [info] > git rev-parse --show-toplevel [2ms]
2024-11-15 01:34:11.426 [info] > git for-each-ref --format=%(refname)%00%(upstream:short)%00%(objectname)%00%(upstream:track)%00%(upstream:remotename)%00%(upstream:remoteref) refs/heads/main refs/remotes/main [5ms]
2024-11-15 01:34:11.426 [warning] [Git][revParse] Unable to read file: ENOENT: no such file or directory, open '/workspace/boilerplate-page-view-time-series-visualizer/.git/refs/remotes/origin/main'
2024-11-15 01:34:11.426 [info] > git rev-parse --show-toplevel [5ms]
2024-11-15 01:34:11.426 [info] [Model][doInitialScan] Initial repository scan completed - repositories (1), closed repositories (0), parent repositories (0), unsafe repositories (0)
2024-11-15 01:34:11.426 [info] > git rev-parse refs/remotes/origin/main [2ms]
2024-11-15 01:34:11.426 [info] > git status -z -uall [4ms]
2024-11-15 01:34:11.426 [info] > git for-each-ref --sort -committerdate --format %(refname) %(objectname) %(*objectname) [1ms]
2024-11-15 01:34:11.426 [info] > git for-each-ref --format=%(refname)%00%(upstream:short)%00%(objectname)%00%(upstream:track)%00%(upstream:remotename)%00%(upstream:remoteref) refs/heads/main refs/remotes/main [5ms]
2024-11-15 01:34:11.426 [info] > git config --get commit.template [4ms]
2024-11-15 01:34:11.426 [info] > git config --local branch.main.vscode-merge-base [5ms]
2024-11-15 01:34:11.426 [info] > git for-each-ref --format=%(refname)%00%(upstream:short)%00%(objectname)%00%(upstream:track)%00%(upstream:remotename)%00%(upstream:remoteref) refs/heads/main refs/remotes/main [5ms]
2024-11-15 01:34:11.426 [warning] [Git][revParse] Unable to read file: ENOENT: no such file or directory, open '/workspace/boilerplate-page-view-time-series-visualizer/.git/refs/remotes/origin/main'
2024-11-15 01:34:11.426 [info] > git for-each-ref --format=%(refname)%00%(upstream:short)%00%(objectname)%00%(upstream:track)%00%(upstream:remotename)%00%(upstream:remoteref) refs/heads/origin/main refs/remotes/origin/main [5ms]
2024-11-15 01:34:11.427 [info] > git merge-base refs/heads/main refs/remotes/origin/main [3ms]
2024-11-15 01:34:11.427 [info] > git rev-parse refs/remotes/origin/main [10ms]
2024-11-15 01:34:11.427 [info] > git status -z -uall [4ms]
2024-11-15 01:34:11.427 [info] > git diff --name-status -z --diff-filter=ADMR 10d2fe8058be34cdf47d730d03e5ee1500bf23cf...refs/remotes/origin/main [6ms]
2024-11-15 01:34:11.427 [info] > git for-each-ref --sort -committerdate --format %(refname) %(objectname) %(*objectname) [2ms]
2024-11-15 01:34:11.937 [info] > git check-ignore -v -z --stdin [2ms]
2024-11-15 01:34:14.223 [info] > git config --local branch.main.github-pr-owner-number [2ms]
2024-11-15 01:34:14.223 [warning] [Git][config] git config failed: Failed to execute git
2024-11-15 01:35:01.805 [info] > git show --textconv :fcc-forum-pageviews.csv [3ms]
2024-11-15 01:35:01.807 [info] > git ls-files --stage -- /workspace/boilerplate-page-view-time-series-visualizer/fcc-forum-pageviews.csv [1ms]
2024-11-15 01:35:01.811 [info] > git cat-file -s b1c7c2d8247be97622d04adcfed1614b7a9bc782 [2ms]
2024-11-15 01:35:06.048 [info] > git show --textconv :time_series_visualizer.py [3ms]
2024-11-15 01:35:06.049 [info] > git ls-files --stage -- /workspace/boilerplate-page-view-time-series-visualizer/time_series_visualizer.py [1ms]
2024-11-15 01:35:06.054 [info] > git cat-file -s 4ff82293bbb3b871f30dfc6b06441e979f4651ab [2ms]
