2024-11-13 14:13:56.038 [info] [main] Log level: Info
2024-11-13 14:13:56.038 [info] [main] Validating found git in: "git"
2024-11-13 14:13:56.038 [info] [main] Using git "2.46.0" from "git"
2024-11-13 14:13:56.038 [info] [Model][doInitialScan] Initial repository scan started
2024-11-13 14:13:56.038 [info] > git rev-parse --show-toplevel [2ms]
2024-11-13 14:13:56.038 [info] > git rev-parse --git-dir --git-common-dir [6ms]
2024-11-13 14:13:56.038 [info] [Model][openRepository] Opened repository: /workspace/boilerplate-demographic-data-analyzer
2024-11-13 14:13:56.038 [info] > git rev-parse --show-toplevel [29ms]
2024-11-13 14:13:56.038 [info] > git config --get commit.template [33ms]
2024-11-13 14:13:56.038 [info] > git rev-parse --show-toplevel [35ms]
2024-11-13 14:13:56.038 [info] [Model][doInitialScan] Initial repository scan completed - repositories (1), closed repositories (0), parent repositories (0), unsafe repositories (0)
2024-11-13 14:13:56.038 [info] > git for-each-ref --format=%(refname)%00%(upstream:short)%00%(objectname)%00%(upstream:track)%00%(upstream:remotename)%00%(upstream:remoteref) refs/heads/main refs/remotes/main [3ms]
2024-11-13 14:13:56.038 [warning] [Git][revParse] Unable to read file: ENOENT: no such file or directory, open '/workspace/boilerplate-demographic-data-analyzer/.git/refs/remotes/origin/main'
2024-11-13 14:13:56.038 [info] > git rev-parse refs/remotes/origin/main [2ms]
2024-11-13 14:13:56.038 [info] > git status -z -uall [5ms]
2024-11-13 14:13:56.038 [info] > git for-each-ref --sort -committerdate --format %(refname) %(objectname) %(*objectname) [7ms]
2024-11-13 14:13:56.038 [info] > git for-each-ref --format=%(refname)%00%(upstream:short)%00%(objectname)%00%(upstream:track)%00%(upstream:remotename)%00%(upstream:remoteref) refs/heads/main refs/remotes/main [5ms]
2024-11-13 14:13:56.038 [info] > git config --get commit.template [4ms]
2024-11-13 14:13:56.038 [info] > git config --local branch.main.vscode-merge-base [5ms]
2024-11-13 14:13:56.038 [info] > git for-each-ref --format=%(refname)%00%(upstream:short)%00%(objectname)%00%(upstream:track)%00%(upstream:remotename)%00%(upstream:remoteref) refs/heads/main refs/remotes/main [4ms]
2024-11-13 14:13:56.038 [warning] [Git][revParse] Unable to read file: ENOENT: no such file or directory, open '/workspace/boilerplate-demographic-data-analyzer/.git/refs/remotes/origin/main'
2024-11-13 14:13:56.038 [info] > git for-each-ref --format=%(refname)%00%(upstream:short)%00%(objectname)%00%(upstream:track)%00%(upstream:remotename)%00%(upstream:remoteref) refs/heads/origin/main refs/remotes/origin/main [3ms]
2024-11-13 14:13:56.038 [info] > git merge-base refs/heads/main refs/remotes/origin/main [9ms]
2024-11-13 14:13:56.038 [info] > git rev-parse refs/remotes/origin/main [17ms]
2024-11-13 14:13:56.038 [info] > git status -z -uall [4ms]
2024-11-13 14:13:56.038 [info] > git diff --name-status -z --diff-filter=ADMR 1fed7bb013559779ec8e23a0809644b1581df072...refs/remotes/origin/main [7ms]
2024-11-13 14:13:56.038 [info] > git for-each-ref --sort -committerdate --format %(refname) %(objectname) %(*objectname) [2ms]
2024-11-13 14:13:56.598 [info] > git check-ignore -v -z --stdin [2ms]
2024-11-13 14:13:56.701 [info] > git show --textconv :demographic_data_analyzer.py [4ms]
2024-11-13 14:13:56.703 [info] > git ls-files --stage -- /workspace/boilerplate-demographic-data-analyzer/demographic_data_analyzer.py [3ms]
2024-11-13 14:13:56.708 [info] > git cat-file -s 90a98ec6eafcf02f9ff4a45bc4197c85810a76ab [2ms]
2024-11-13 14:13:59.276 [info] > git config --local branch.main.github-pr-owner-number [2ms]
2024-11-13 14:13:59.276 [warning] [Git][config] git config failed: Failed to execute git
2024-11-13 14:14:52.996 [info] > git config --get commit.template [5ms]
2024-11-13 14:14:52.997 [info] > git for-each-ref --format=%(refname)%00%(upstream:short)%00%(objectname)%00%(upstream:track)%00%(upstream:remotename)%00%(upstream:remoteref) refs/heads/main refs/remotes/main [3ms]
2024-11-13 14:14:53.001 [warning] [Git][revParse] Unable to read file: ENOENT: no such file or directory, open '/workspace/boilerplate-demographic-data-analyzer/.git/refs/remotes/origin/main'
2024-11-13 14:14:53.002 [info] > git rev-parse refs/remotes/origin/main [1ms]
2024-11-13 14:14:53.009 [info] > git status -z -uall [4ms]
2024-11-13 14:14:53.011 [info] > git for-each-ref --sort -committerdate --format %(refname) %(objectname) %(*objectname) [2ms]
