2024-11-13 02:59:56.332 [info] Log level: Info
2024-11-13 02:59:56.332 [info] VSCODE_MACHINE_ID: c4d35eac-6747-402b-b86a-afc93cbb512f
2024-11-13 02:59:56.332 [info] VSCODE_SESSION_ID: 6b91af57-8975-481b-9c0f-2aa6cae9b83b1731466792292
2024-11-13 02:59:56.332 [info] VSCODE_VERSION: 1.95.0
2024-11-13 02:59:56.332 [info] VSCODE_APP_NAME: Gitpod Code
2024-11-13 02:59:56.332 [info] VSCODE_APP_HOST: Gitpod
2024-11-13 02:59:56.332 [info] VSCODE_UI_KIND: web
2024-11-13 02:59:56.332 [info] GITPOD_WORKSPACE_CONTEXT_URL: https://github.com/freeCodeCamp/boilerplate-mean-variance-standard-deviation-calculator/
2024-11-13 02:59:56.332 [info] GITPOD_INSTANCE_ID: dbd932dc-73c6-460c-9b01-30e21f9df85b
2024-11-13 02:59:56.332 [info] GITPOD_WORKSPACE_URL: https://freecodecam-boilerplate-n2bstssfnqg.ws-us116.gitpod.io
2024-11-13 02:59:56.332 [info] Gitpod Web 7ff72a2
2024-11-13 02:59:56.332 [info] Reading sessions from keychain...
2024-11-13 02:59:56.506 [info] Getting sessions for all scopes...
2024-11-13 02:59:56.506 [info] Getting sessions for all scopes...
2024-11-13 02:59:56.506 [info] Getting GitHub sessions for all scopes...
2024-11-13 02:59:56.506 [info] Getting sessions for function:accessCodeSyncStorage...
2024-11-13 02:59:56.507 [info] Got stored sessions!
2024-11-13 02:59:56.507 [info] Verified session with the following scopes: function:accessCodeSyncStorage function:closePort function:controlAdmission function:deleteEnvVar function:generateNewGitpodToken function:getDefaultWorkspaceImage function:getGitpodTokenScopes function:getIDToken function:getLoggedInUser function:getOpenPorts function:getSupportedWorkspaceClasses function:getTeams function:getToken function:getWorkspace function:getWorkspaceEnvVars function:getWorkspaceOwner function:getWorkspaceTimeout function:getWorkspaceUsers function:guessGitTokenScopes function:isWorkspaceOwner function:openPort function:sendHeartBeat function:setEnvVar function:setWorkspaceTimeout function:stopWorkspace function:takeSnapshot function:trackEvent function:updateGitStatus function:waitForSnapshot resource:contentBlob::*::create/get resource:envVar::*/**::update resource:envVar::*/*::update resource:envVar::freeCodeCamp/boilerplate-mean-variance-standard-deviation-calculator::create/get/update/delete resource:gitpodToken::*::create resource:snapshot::ws-freecodecam-boilerplate-n2bstssfnqg::create resource:token::*::get resource:userStorage::*::create/get/update resource:workspace::freecodecam-boilerplate-n2bstssfnqg::get/update resource:workspaceInstance::dbd932dc-73c6-460c-9b01-30e21f9df85b::get/update/delete
2024-11-13 02:59:56.507 [info] Got 1 verified sessions.
2024-11-13 02:59:56.507 [info] Got 1 sessions for all scopes...
2024-11-13 02:59:56.507 [info] Got 1 sessions for all scopes...
2024-11-13 02:59:56.507 [info] Got 1 sessions for function:accessCodeSyncStorage...
2024-11-13 02:59:56.616 [info] Got 1 GitHub sessions for all scopes...
2024-11-13 02:59:56.793 [info] Getting GitHub sessions for all scopes...
2024-11-13 02:59:56.793 [info] Getting sessions for all scopes...
2024-11-13 02:59:56.793 [info] Got 1 GitHub sessions for all scopes...
2024-11-13 02:59:56.793 [info] Got 1 sessions for all scopes...
2024-11-13 02:59:56.882 [info] Getting GitHub sessions for all scopes...
2024-11-13 02:59:56.882 [info] Got 1 GitHub sessions for all scopes...
2024-11-13 02:59:57.613 [info] Getting sessions for all scopes...
2024-11-13 02:59:57.613 [info] Getting GitHub sessions for all scopes...
2024-11-13 02:59:57.613 [info] Got 1 sessions for all scopes...
2024-11-13 02:59:57.613 [info] Got 1 GitHub sessions for all scopes...
2024-11-13 02:59:57.619 [info] Getting GitHub sessions for read:user,repo,user:email,workflow...
2024-11-13 02:59:57.619 [info] Got 0 GitHub sessions for read:user,repo,user:email,workflow...
2024-11-13 02:59:58.112 [info] Getting GitHub sessions for project,read:org,read:user,repo,user:email,workflow...
2024-11-13 02:59:58.112 [info] Got 0 GitHub sessions for project,read:org,read:user,repo,user:email,workflow...
2024-11-13 02:59:58.635 [info] Getting GitHub sessions for read:user,repo,user:email,workflow...
2024-11-13 02:59:58.635 [info] Got 0 GitHub sessions for read:user,repo,user:email,workflow...
2024-11-13 02:59:59.161 [info] Getting GitHub sessions for read:user,repo,user:email...
2024-11-13 02:59:59.161 [info] Got 0 GitHub sessions for read:user,repo,user:email...
2024-11-13 02:59:59.687 [info] Getting GitHub sessions for read:user,repo,user:email,workflow...
2024-11-13 02:59:59.687 [info] Got 0 GitHub sessions for read:user,repo,user:email,workflow...
2024-11-13 03:37:14.019 [error] cannot maintain connection to supervisor 13 INTERNAL: closed
2024-11-13 03:37:15.021 [error] cannot maintain connection to supervisor 13 INTERNAL: closed
2024-11-13 03:37:16.023 [error] cannot maintain connection to supervisor 13 INTERNAL: closed
2024-11-13 03:37:17.025 [error] cannot maintain connection to supervisor 13 INTERNAL: closed
2024-11-13 03:37:18.026 [error] cannot maintain connection to supervisor 13 INTERNAL: closed
2024-11-13 03:37:19.029 [error] cannot maintain connection to supervisor 13 INTERNAL: closed
2024-11-13 03:37:20.032 [error] cannot maintain connection to supervisor 13 INTERNAL: closed
2024-11-13 03:37:21.034 [error] cannot maintain connection to supervisor 13 INTERNAL: closed
2024-11-13 03:37:22.036 [error] cannot maintain connection to supervisor 13 INTERNAL: closed
2024-11-13 03:37:23.038 [error] cannot maintain connection to supervisor 13 INTERNAL: closed
2024-11-13 03:37:24.039 [error] cannot maintain connection to supervisor 13 INTERNAL: closed
2024-11-13 03:37:25.041 [error] cannot maintain connection to supervisor 13 INTERNAL: closed
2024-11-13 03:37:26.042 [error] cannot maintain connection to supervisor 13 INTERNAL: closed
2024-11-13 03:37:27.044 [error] cannot maintain connection to supervisor 13 INTERNAL: closed
