2024-11-15 03:26:18.873 [info] [main] Log level: Info
2024-11-15 03:26:18.873 [info] [main] Validating found git in: "git"
2024-11-15 03:26:18.873 [info] [main] Using git "2.46.0" from "git"
2024-11-15 03:26:18.873 [info] [Model][doInitialScan] Initial repository scan started
2024-11-15 03:26:18.873 [info] > git rev-parse --show-toplevel [2ms]
2024-11-15 03:26:18.873 [info] > git rev-parse --git-dir --git-common-dir [2ms]
2024-11-15 03:26:18.873 [info] [Model][openRepository] Opened repository: /workspace/boilerplate-sea-level-predictor
2024-11-15 03:26:18.873 [info] > git config --get commit.template [4ms]
2024-11-15 03:26:18.873 [info] > git rev-parse --show-toplevel [6ms]
2024-11-15 03:26:18.873 [info] [Model][doInitialScan] Initial repository scan completed - repositories (1), closed repositories (0), parent repositories (0), unsafe repositories (0)
2024-11-15 03:26:18.873 [info] > git for-each-ref --format=%(refname)%00%(upstream:short)%00%(objectname)%00%(upstream:track)%00%(upstream:remotename)%00%(upstream:remoteref) refs/heads/main refs/remotes/main [2ms]
2024-11-15 03:26:18.873 [warning] [Git][revParse] Unable to read file: ENOENT: no such file or directory, open '/workspace/boilerplate-sea-level-predictor/.git/refs/remotes/origin/main'
2024-11-15 03:26:18.873 [info] > git rev-parse refs/remotes/origin/main [2ms]
2024-11-15 03:26:18.873 [info] > git status -z -uall [4ms]
2024-11-15 03:26:18.873 [info] > git for-each-ref --sort -committerdate --format %(refname) %(objectname) %(*objectname) [2ms]
2024-11-15 03:26:18.873 [info] > git for-each-ref --format=%(refname)%00%(upstream:short)%00%(objectname)%00%(upstream:track)%00%(upstream:remotename)%00%(upstream:remoteref) refs/heads/main refs/remotes/main [5ms]
2024-11-15 03:26:18.873 [info] > git config --get commit.template [4ms]
2024-11-15 03:26:18.873 [info] > git config --local branch.main.vscode-merge-base [4ms]
2024-11-15 03:26:18.873 [warning] [Git][config] git config failed: Failed to execute git
2024-11-15 03:26:18.873 [info] > git for-each-ref --format=%(refname)%00%(upstream:short)%00%(objectname)%00%(upstream:track)%00%(upstream:remotename)%00%(upstream:remoteref) refs/heads/main refs/remotes/main [4ms]
2024-11-15 03:26:18.873 [warning] [Git][revParse] Unable to read file: ENOENT: no such file or directory, open '/workspace/boilerplate-sea-level-predictor/.git/refs/remotes/origin/main'
2024-11-15 03:26:18.873 [info] > git reflog main --grep-reflog=branch: Created from *. [4ms]
2024-11-15 03:26:18.873 [info] > git rev-parse refs/remotes/origin/main [3ms]
2024-11-15 03:26:18.873 [info] > git status -z -uall [4ms]
2024-11-15 03:26:18.873 [info] > git symbolic-ref --short refs/remotes/origin/HEAD [7ms]
2024-11-15 03:26:18.873 [info] > git for-each-ref --sort -committerdate --format %(refname) %(objectname) %(*objectname) [14ms]
2024-11-15 03:26:18.873 [info] > git for-each-ref --format=%(refname)%00%(upstream:short)%00%(objectname)%00%(upstream:track)%00%(upstream:remotename)%00%(upstream:remoteref) refs/heads/origin/main refs/remotes/origin/main [10ms]
2024-11-15 03:26:18.873 [info] > git for-each-ref --format=%(refname)%00%(upstream:short)%00%(objectname)%00%(upstream:track)%00%(upstream:remotename)%00%(upstream:remoteref) refs/heads/main refs/remotes/main [151ms]
2024-11-15 03:26:18.873 [info] > git config --local branch.main.vscode-merge-base origin/main [150ms]
2024-11-15 03:26:18.873 [info] > git config --local branch.main.vscode-merge-base [5ms]
2024-11-15 03:26:18.873 [info] > git config --get commit.template [4ms]
2024-11-15 03:26:18.873 [info] > git for-each-ref --format=%(refname)%00%(upstream:short)%00%(objectname)%00%(upstream:track)%00%(upstream:remotename)%00%(upstream:remoteref) refs/heads/origin/main refs/remotes/origin/main [5ms]
2024-11-15 03:26:18.873 [info] > git for-each-ref --format=%(refname)%00%(upstream:short)%00%(objectname)%00%(upstream:track)%00%(upstream:remotename)%00%(upstream:remoteref) refs/heads/main refs/remotes/main [6ms]
2024-11-15 03:26:18.873 [info] > git merge-base refs/heads/main refs/remotes/origin/main [2ms]
2024-11-15 03:26:18.873 [warning] [Git][revParse] Unable to read file: ENOENT: no such file or directory, open '/workspace/boilerplate-sea-level-predictor/.git/refs/remotes/origin/main'
2024-11-15 03:26:18.873 [info] > git rev-parse refs/remotes/origin/main [3ms]
2024-11-15 03:26:18.873 [info] > git diff --name-status -z --diff-filter=ADMR bcea802f0fd075d4bd7005f7892a3416f22cacc6...refs/remotes/origin/main [27ms]
2024-11-15 03:26:18.873 [info] > git status -z -uall [6ms]
2024-11-15 03:26:18.873 [info] > git for-each-ref --sort -committerdate --format %(refname) %(objectname) %(*objectname) [3ms]
2024-11-15 03:26:19.379 [info] > git check-ignore -v -z --stdin [3ms]
2024-11-15 03:26:19.907 [info] > git config --get commit.template [4ms]
2024-11-15 03:26:19.907 [info] > git for-each-ref --format=%(refname)%00%(upstream:short)%00%(objectname)%00%(upstream:track)%00%(upstream:remotename)%00%(upstream:remoteref) refs/heads/main refs/remotes/main [2ms]
2024-11-15 03:26:19.911 [warning] [Git][revParse] Unable to read file: ENOENT: no such file or directory, open '/workspace/boilerplate-sea-level-predictor/.git/refs/remotes/origin/main'
2024-11-15 03:26:19.913 [info] > git rev-parse refs/remotes/origin/main [2ms]
2024-11-15 03:26:19.921 [info] > git status -z -uall [5ms]
2024-11-15 03:26:19.957 [info] > git for-each-ref --sort -committerdate --format %(refname) %(objectname) %(*objectname) [37ms]
2024-11-15 03:26:21.813 [info] > git config --local branch.main.github-pr-owner-number [2ms]
2024-11-15 03:26:21.813 [warning] [Git][config] git config failed: Failed to execute git
2024-11-15 03:26:46.725 [info] > git show --textconv :sea_level_predictor.py [4ms]
2024-11-15 03:26:46.726 [info] > git ls-files --stage -- /workspace/boilerplate-sea-level-predictor/sea_level_predictor.py [1ms]
2024-11-15 03:26:46.731 [info] > git cat-file -s 261064051668bf8f7efcb34a013eb54b5ab0ab11 [2ms]
2024-11-15 03:27:32.663 [info] > git config --get commit.template [4ms]
2024-11-15 03:27:32.664 [info] > git for-each-ref --format=%(refname)%00%(upstream:short)%00%(objectname)%00%(upstream:track)%00%(upstream:remotename)%00%(upstream:remoteref) refs/heads/main refs/remotes/main [2ms]
2024-11-15 03:27:32.667 [warning] [Git][revParse] Unable to read file: ENOENT: no such file or directory, open '/workspace/boilerplate-sea-level-predictor/.git/refs/remotes/origin/main'
2024-11-15 03:27:32.668 [info] > git rev-parse refs/remotes/origin/main [1ms]
2024-11-15 03:27:32.675 [info] > git status -z -uall [4ms]
2024-11-15 03:27:32.676 [info] > git for-each-ref --sort -committerdate --format %(refname) %(objectname) %(*objectname) [2ms]
2024-11-15 03:27:37.689 [info] > git config --get commit.template [4ms]
2024-11-15 03:27:37.690 [info] > git for-each-ref --format=%(refname)%00%(upstream:short)%00%(objectname)%00%(upstream:track)%00%(upstream:remotename)%00%(upstream:remoteref) refs/heads/main refs/remotes/main [3ms]
2024-11-15 03:27:37.693 [warning] [Git][revParse] Unable to read file: ENOENT: no such file or directory, open '/workspace/boilerplate-sea-level-predictor/.git/refs/remotes/origin/main'
2024-11-15 03:27:37.694 [info] > git rev-parse refs/remotes/origin/main [1ms]
2024-11-15 03:27:37.700 [info] > git status -z -uall [3ms]
2024-11-15 03:27:37.701 [info] > git for-each-ref --sort -committerdate --format %(refname) %(objectname) %(*objectname) [1ms]
2024-11-15 03:27:42.712 [info] > git config --get commit.template [3ms]
2024-11-15 03:27:42.713 [info] > git for-each-ref --format=%(refname)%00%(upstream:short)%00%(objectname)%00%(upstream:track)%00%(upstream:remotename)%00%(upstream:remoteref) refs/heads/main refs/remotes/main [2ms]
2024-11-15 03:27:42.715 [warning] [Git][revParse] Unable to read file: ENOENT: no such file or directory, open '/workspace/boilerplate-sea-level-predictor/.git/refs/remotes/origin/main'
2024-11-15 03:27:42.717 [info] > git rev-parse refs/remotes/origin/main [2ms]
2024-11-15 03:27:42.722 [info] > git status -z -uall [3ms]
2024-11-15 03:27:42.724 [info] > git for-each-ref --sort -committerdate --format %(refname) %(objectname) %(*objectname) [2ms]
2024-11-15 03:27:47.733 [info] > git config --get commit.template [3ms]
2024-11-15 03:27:47.734 [info] > git for-each-ref --format=%(refname)%00%(upstream:short)%00%(objectname)%00%(upstream:track)%00%(upstream:remotename)%00%(upstream:remoteref) refs/heads/main refs/remotes/main [2ms]
2024-11-15 03:27:47.737 [warning] [Git][revParse] Unable to read file: ENOENT: no such file or directory, open '/workspace/boilerplate-sea-level-predictor/.git/refs/remotes/origin/main'
2024-11-15 03:27:47.738 [info] > git rev-parse refs/remotes/origin/main [1ms]
2024-11-15 03:27:47.744 [info] > git status -z -uall [4ms]
2024-11-15 03:27:47.745 [info] > git for-each-ref --sort -committerdate --format %(refname) %(objectname) %(*objectname) [2ms]
2024-11-15 03:28:07.275 [info] > git config --get commit.template [4ms]
2024-11-15 03:28:07.276 [info] > git for-each-ref --format=%(refname)%00%(upstream:short)%00%(objectname)%00%(upstream:track)%00%(upstream:remotename)%00%(upstream:remoteref) refs/heads/main refs/remotes/main [2ms]
2024-11-15 03:28:07.280 [warning] [Git][revParse] Unable to read file: ENOENT: no such file or directory, open '/workspace/boilerplate-sea-level-predictor/.git/refs/remotes/origin/main'
2024-11-15 03:28:07.281 [info] > git rev-parse refs/remotes/origin/main [1ms]
2024-11-15 03:28:07.288 [info] > git status -z -uall [4ms]
2024-11-15 03:28:07.290 [info] > git for-each-ref --sort -committerdate --format %(refname) %(objectname) %(*objectname) [3ms]
2024-11-15 03:28:07.674 [info] > git check-ignore -v -z --stdin [2ms]
2024-11-15 03:28:45.906 [info] > git config --get commit.template [4ms]
2024-11-15 03:28:45.907 [info] > git for-each-ref --format=%(refname)%00%(upstream:short)%00%(objectname)%00%(upstream:track)%00%(upstream:remotename)%00%(upstream:remoteref) refs/heads/main refs/remotes/main [2ms]
2024-11-15 03:28:45.911 [warning] [Git][revParse] Unable to read file: ENOENT: no such file or directory, open '/workspace/boilerplate-sea-level-predictor/.git/refs/remotes/origin/main'
2024-11-15 03:28:45.912 [info] > git rev-parse refs/remotes/origin/main [1ms]
2024-11-15 03:28:45.919 [info] > git status -z -uall [3ms]
2024-11-15 03:28:45.920 [info] > git for-each-ref --sort -committerdate --format %(refname) %(objectname) %(*objectname) [2ms]
2024-11-15 03:28:51.068 [info] > git for-each-ref --format=%(refname)%00%(upstream:short)%00%(objectname)%00%(upstream:track)%00%(upstream:remotename)%00%(upstream:remoteref) refs/heads/main refs/remotes/main [1ms]
2024-11-15 03:28:51.068 [info] > git config --get commit.template [95ms]
2024-11-15 03:28:51.072 [warning] [Git][revParse] Unable to read file: ENOENT: no such file or directory, open '/workspace/boilerplate-sea-level-predictor/.git/refs/remotes/origin/main'
2024-11-15 03:28:51.074 [info] > git rev-parse refs/remotes/origin/main [2ms]
2024-11-15 03:28:51.081 [info] > git status -z -uall [4ms]
2024-11-15 03:28:51.082 [info] > git for-each-ref --sort -committerdate --format %(refname) %(objectname) %(*objectname) [2ms]
2024-11-15 03:28:56.091 [info] > git config --get commit.template [3ms]
2024-11-15 03:28:56.093 [info] > git for-each-ref --format=%(refname)%00%(upstream:short)%00%(objectname)%00%(upstream:track)%00%(upstream:remotename)%00%(upstream:remoteref) refs/heads/main refs/remotes/main [2ms]
2024-11-15 03:28:56.096 [warning] [Git][revParse] Unable to read file: ENOENT: no such file or directory, open '/workspace/boilerplate-sea-level-predictor/.git/refs/remotes/origin/main'
2024-11-15 03:28:56.097 [info] > git rev-parse refs/remotes/origin/main [1ms]
2024-11-15 03:28:56.104 [info] > git status -z -uall [4ms]
2024-11-15 03:28:56.105 [info] > git for-each-ref --sort -committerdate --format %(refname) %(objectname) %(*objectname) [2ms]
2024-11-15 03:29:09.057 [info] > git config --get commit.template [3ms]
2024-11-15 03:29:09.059 [info] > git for-each-ref --format=%(refname)%00%(upstream:short)%00%(objectname)%00%(upstream:track)%00%(upstream:remotename)%00%(upstream:remoteref) refs/heads/main refs/remotes/main [2ms]
2024-11-15 03:29:09.062 [warning] [Git][revParse] Unable to read file: ENOENT: no such file or directory, open '/workspace/boilerplate-sea-level-predictor/.git/refs/remotes/origin/main'
2024-11-15 03:29:09.063 [info] > git rev-parse refs/remotes/origin/main [2ms]
2024-11-15 03:29:09.069 [info] > git status -z -uall [2ms]
2024-11-15 03:29:09.070 [info] > git for-each-ref --sort -committerdate --format %(refname) %(objectname) %(*objectname) [2ms]
2024-11-15 03:29:17.356 [info] > git config --get commit.template [4ms]
2024-11-15 03:29:17.357 [info] > git for-each-ref --format=%(refname)%00%(upstream:short)%00%(objectname)%00%(upstream:track)%00%(upstream:remotename)%00%(upstream:remoteref) refs/heads/main refs/remotes/main [2ms]
2024-11-15 03:29:17.360 [warning] [Git][revParse] Unable to read file: ENOENT: no such file or directory, open '/workspace/boilerplate-sea-level-predictor/.git/refs/remotes/origin/main'
2024-11-15 03:29:17.362 [info] > git rev-parse refs/remotes/origin/main [2ms]
2024-11-15 03:29:17.367 [info] > git status -z -uall [3ms]
2024-11-15 03:29:17.370 [info] > git for-each-ref --sort -committerdate --format %(refname) %(objectname) %(*objectname) [2ms]
2024-11-15 03:29:24.576 [info] > git config --get commit.template [4ms]
2024-11-15 03:29:24.578 [info] > git for-each-ref --format=%(refname)%00%(upstream:short)%00%(objectname)%00%(upstream:track)%00%(upstream:remotename)%00%(upstream:remoteref) refs/heads/main refs/remotes/main [2ms]
2024-11-15 03:29:24.581 [warning] [Git][revParse] Unable to read file: ENOENT: no such file or directory, open '/workspace/boilerplate-sea-level-predictor/.git/refs/remotes/origin/main'
2024-11-15 03:29:24.583 [info] > git rev-parse refs/remotes/origin/main [2ms]
2024-11-15 03:29:24.590 [info] > git status -z -uall [4ms]
2024-11-15 03:29:24.592 [info] > git for-each-ref --sort -committerdate --format %(refname) %(objectname) %(*objectname) [2ms]
2024-11-15 03:29:46.899 [info] > git config --get commit.template [4ms]
2024-11-15 03:29:46.901 [info] > git for-each-ref --format=%(refname)%00%(upstream:short)%00%(objectname)%00%(upstream:track)%00%(upstream:remotename)%00%(upstream:remoteref) refs/heads/main refs/remotes/main [3ms]
2024-11-15 03:29:46.904 [warning] [Git][revParse] Unable to read file: ENOENT: no such file or directory, open '/workspace/boilerplate-sea-level-predictor/.git/refs/remotes/origin/main'
2024-11-15 03:29:46.905 [info] > git rev-parse refs/remotes/origin/main [1ms]
2024-11-15 03:29:46.912 [info] > git status -z -uall [3ms]
2024-11-15 03:29:46.914 [info] > git for-each-ref --sort -committerdate --format %(refname) %(objectname) %(*objectname) [2ms]
2024-11-15 03:29:51.923 [info] > git config --get commit.template [3ms]
2024-11-15 03:29:51.924 [info] > git for-each-ref --format=%(refname)%00%(upstream:short)%00%(objectname)%00%(upstream:track)%00%(upstream:remotename)%00%(upstream:remoteref) refs/heads/main refs/remotes/main [2ms]
2024-11-15 03:29:51.927 [warning] [Git][revParse] Unable to read file: ENOENT: no such file or directory, open '/workspace/boilerplate-sea-level-predictor/.git/refs/remotes/origin/main'
2024-11-15 03:29:51.929 [info] > git rev-parse refs/remotes/origin/main [2ms]
2024-11-15 03:29:51.937 [info] > git status -z -uall [6ms]
2024-11-15 03:29:51.937 [info] > git for-each-ref --sort -committerdate --format %(refname) %(objectname) %(*objectname) [3ms]
2024-11-15 03:30:33.920 [info] > git config --get commit.template [4ms]
2024-11-15 03:30:33.921 [info] > git for-each-ref --format=%(refname)%00%(upstream:short)%00%(objectname)%00%(upstream:track)%00%(upstream:remotename)%00%(upstream:remoteref) refs/heads/main refs/remotes/main [2ms]
2024-11-15 03:30:33.924 [warning] [Git][revParse] Unable to read file: ENOENT: no such file or directory, open '/workspace/boilerplate-sea-level-predictor/.git/refs/remotes/origin/main'
2024-11-15 03:30:33.925 [info] > git rev-parse refs/remotes/origin/main [1ms]
2024-11-15 03:30:33.932 [info] > git status -z -uall [3ms]
2024-11-15 03:30:33.933 [info] > git for-each-ref --sort -committerdate --format %(refname) %(objectname) %(*objectname) [2ms]
2024-11-15 03:30:38.942 [info] > git config --get commit.template [3ms]
2024-11-15 03:30:38.944 [info] > git for-each-ref --format=%(refname)%00%(upstream:short)%00%(objectname)%00%(upstream:track)%00%(upstream:remotename)%00%(upstream:remoteref) refs/heads/main refs/remotes/main [2ms]
2024-11-15 03:30:38.947 [warning] [Git][revParse] Unable to read file: ENOENT: no such file or directory, open '/workspace/boilerplate-sea-level-predictor/.git/refs/remotes/origin/main'
2024-11-15 03:30:38.948 [info] > git rev-parse refs/remotes/origin/main [1ms]
2024-11-15 03:30:38.954 [info] > git status -z -uall [3ms]
2024-11-15 03:30:38.956 [info] > git for-each-ref --sort -committerdate --format %(refname) %(objectname) %(*objectname) [2ms]
2024-11-15 03:30:39.544 [info] > git check-ignore -v -z --stdin [2ms]
2024-11-15 03:30:43.966 [info] > git config --get commit.template [3ms]
2024-11-15 03:30:43.968 [info] > git for-each-ref --format=%(refname)%00%(upstream:short)%00%(objectname)%00%(upstream:track)%00%(upstream:remotename)%00%(upstream:remoteref) refs/heads/main refs/remotes/main [2ms]
2024-11-15 03:30:43.971 [warning] [Git][revParse] Unable to read file: ENOENT: no such file or directory, open '/workspace/boilerplate-sea-level-predictor/.git/refs/remotes/origin/main'
2024-11-15 03:30:43.972 [info] > git rev-parse refs/remotes/origin/main [1ms]
2024-11-15 03:30:43.979 [info] > git status -z -uall [3ms]
2024-11-15 03:30:43.981 [info] > git for-each-ref --sort -committerdate --format %(refname) %(objectname) %(*objectname) [2ms]
2024-11-15 03:31:18.851 [info] > git config --get commit.template [4ms]
2024-11-15 03:31:18.852 [info] > git for-each-ref --format=%(refname)%00%(upstream:short)%00%(objectname)%00%(upstream:track)%00%(upstream:remotename)%00%(upstream:remoteref) refs/heads/main refs/remotes/main [2ms]
2024-11-15 03:31:18.854 [warning] [Git][revParse] Unable to read file: ENOENT: no such file or directory, open '/workspace/boilerplate-sea-level-predictor/.git/refs/remotes/origin/main'
2024-11-15 03:31:18.856 [info] > git rev-parse refs/remotes/origin/main [2ms]
2024-11-15 03:31:18.862 [info] > git status -z -uall [4ms]
2024-11-15 03:31:18.864 [info] > git for-each-ref --sort -committerdate --format %(refname) %(objectname) %(*objectname) [3ms]
2024-11-15 03:31:23.875 [info] > git config --get commit.template [4ms]
2024-11-15 03:31:23.876 [info] > git for-each-ref --format=%(refname)%00%(upstream:short)%00%(objectname)%00%(upstream:track)%00%(upstream:remotename)%00%(upstream:remoteref) refs/heads/main refs/remotes/main [2ms]
2024-11-15 03:31:23.879 [warning] [Git][revParse] Unable to read file: ENOENT: no such file or directory, open '/workspace/boilerplate-sea-level-predictor/.git/refs/remotes/origin/main'
2024-11-15 03:31:23.881 [info] > git rev-parse refs/remotes/origin/main [2ms]
2024-11-15 03:31:23.887 [info] > git status -z -uall [3ms]
2024-11-15 03:31:23.889 [info] > git for-each-ref --sort -committerdate --format %(refname) %(objectname) %(*objectname) [2ms]
2024-11-15 03:31:28.899 [info] > git config --get commit.template [4ms]
2024-11-15 03:31:28.901 [info] > git for-each-ref --format=%(refname)%00%(upstream:short)%00%(objectname)%00%(upstream:track)%00%(upstream:remotename)%00%(upstream:remoteref) refs/heads/main refs/remotes/main [3ms]
2024-11-15 03:31:28.904 [warning] [Git][revParse] Unable to read file: ENOENT: no such file or directory, open '/workspace/boilerplate-sea-level-predictor/.git/refs/remotes/origin/main'
2024-11-15 03:31:28.905 [info] > git rev-parse refs/remotes/origin/main [1ms]
2024-11-15 03:31:28.912 [info] > git status -z -uall [3ms]
2024-11-15 03:31:28.914 [info] > git for-each-ref --sort -committerdate --format %(refname) %(objectname) %(*objectname) [2ms]
2024-11-15 03:31:33.924 [info] > git config --get commit.template [4ms]
2024-11-15 03:31:33.925 [info] > git for-each-ref --format=%(refname)%00%(upstream:short)%00%(objectname)%00%(upstream:track)%00%(upstream:remotename)%00%(upstream:remoteref) refs/heads/main refs/remotes/main [2ms]
2024-11-15 03:31:33.929 [warning] [Git][revParse] Unable to read file: ENOENT: no such file or directory, open '/workspace/boilerplate-sea-level-predictor/.git/refs/remotes/origin/main'
2024-11-15 03:31:33.930 [info] > git rev-parse refs/remotes/origin/main [2ms]
2024-11-15 03:31:33.936 [info] > git status -z -uall [3ms]
2024-11-15 03:31:33.938 [info] > git for-each-ref --sort -committerdate --format %(refname) %(objectname) %(*objectname) [2ms]
2024-11-15 03:31:38.947 [info] > git config --get commit.template [4ms]
2024-11-15 03:31:38.948 [info] > git for-each-ref --format=%(refname)%00%(upstream:short)%00%(objectname)%00%(upstream:track)%00%(upstream:remotename)%00%(upstream:remoteref) refs/heads/main refs/remotes/main [2ms]
2024-11-15 03:31:38.951 [warning] [Git][revParse] Unable to read file: ENOENT: no such file or directory, open '/workspace/boilerplate-sea-level-predictor/.git/refs/remotes/origin/main'
2024-11-15 03:31:38.952 [info] > git rev-parse refs/remotes/origin/main [1ms]
2024-11-15 03:31:38.958 [info] > git status -z -uall [3ms]
2024-11-15 03:31:38.959 [info] > git for-each-ref --sort -committerdate --format %(refname) %(objectname) %(*objectname) [1ms]
2024-11-15 03:31:43.969 [info] > git config --get commit.template [4ms]
2024-11-15 03:31:43.971 [info] > git for-each-ref --format=%(refname)%00%(upstream:short)%00%(objectname)%00%(upstream:track)%00%(upstream:remotename)%00%(upstream:remoteref) refs/heads/main refs/remotes/main [2ms]
2024-11-15 03:31:43.974 [warning] [Git][revParse] Unable to read file: ENOENT: no such file or directory, open '/workspace/boilerplate-sea-level-predictor/.git/refs/remotes/origin/main'
2024-11-15 03:31:43.975 [info] > git rev-parse refs/remotes/origin/main [1ms]
2024-11-15 03:31:43.982 [info] > git status -z -uall [4ms]
2024-11-15 03:31:43.984 [info] > git for-each-ref --sort -committerdate --format %(refname) %(objectname) %(*objectname) [2ms]
2024-11-15 03:32:21.303 [info] > git config --get commit.template [4ms]
2024-11-15 03:32:21.305 [info] > git for-each-ref --format=%(refname)%00%(upstream:short)%00%(objectname)%00%(upstream:track)%00%(upstream:remotename)%00%(upstream:remoteref) refs/heads/main refs/remotes/main [3ms]
2024-11-15 03:32:21.307 [warning] [Git][revParse] Unable to read file: ENOENT: no such file or directory, open '/workspace/boilerplate-sea-level-predictor/.git/refs/remotes/origin/main'
2024-11-15 03:32:21.309 [info] > git rev-parse refs/remotes/origin/main [2ms]
2024-11-15 03:32:21.315 [info] > git status -z -uall [3ms]
2024-11-15 03:32:21.316 [info] > git for-each-ref --sort -committerdate --format %(refname) %(objectname) %(*objectname) [2ms]
2024-11-15 03:32:37.175 [info] > git config --get commit.template [4ms]
2024-11-15 03:32:37.176 [info] > git for-each-ref --format=%(refname)%00%(upstream:short)%00%(objectname)%00%(upstream:track)%00%(upstream:remotename)%00%(upstream:remoteref) refs/heads/main refs/remotes/main [1ms]
2024-11-15 03:32:37.180 [warning] [Git][revParse] Unable to read file: ENOENT: no such file or directory, open '/workspace/boilerplate-sea-level-predictor/.git/refs/remotes/origin/main'
2024-11-15 03:32:37.182 [info] > git rev-parse refs/remotes/origin/main [2ms]
2024-11-15 03:32:37.189 [info] > git status -z -uall [4ms]
2024-11-15 03:32:37.190 [info] > git for-each-ref --sort -committerdate --format %(refname) %(objectname) %(*objectname) [2ms]
2024-11-15 03:32:42.199 [info] > git config --get commit.template [3ms]
2024-11-15 03:32:42.200 [info] > git for-each-ref --format=%(refname)%00%(upstream:short)%00%(objectname)%00%(upstream:track)%00%(upstream:remotename)%00%(upstream:remoteref) refs/heads/main refs/remotes/main [1ms]
2024-11-15 03:32:42.203 [warning] [Git][revParse] Unable to read file: ENOENT: no such file or directory, open '/workspace/boilerplate-sea-level-predictor/.git/refs/remotes/origin/main'
2024-11-15 03:32:42.205 [info] > git rev-parse refs/remotes/origin/main [1ms]
2024-11-15 03:32:42.211 [info] > git status -z -uall [4ms]
2024-11-15 03:32:42.212 [info] > git for-each-ref --sort -committerdate --format %(refname) %(objectname) %(*objectname) [1ms]
2024-11-15 03:33:32.562 [info] > git show --textconv :test_module.py [4ms]
2024-11-15 03:33:32.564 [info] > git ls-files --stage -- /workspace/boilerplate-sea-level-predictor/test_module.py [2ms]
2024-11-15 03:33:32.568 [info] > git cat-file -s 24630d19a4013b9e9f5ed81a461fe48793808c7f [2ms]
2024-11-15 03:33:33.253 [info] > git show --textconv :sea_level_predictor.py [4ms]
2024-11-15 03:33:33.254 [info] > git ls-files --stage -- /workspace/boilerplate-sea-level-predictor/sea_level_predictor.py [3ms]
2024-11-15 03:33:33.259 [info] > git cat-file -s 261064051668bf8f7efcb34a013eb54b5ab0ab11 [2ms]
