2024-11-13 14:23:17.341 [info] Log level: Info
2024-11-13 14:23:17.341 [info] VSCODE_MACHINE_ID: f9d27b11-5eec-465b-acb4-5ce689ef2cb4
2024-11-13 14:23:17.341 [info] VSCODE_SESSION_ID: f133b706-6701-475f-bd9c-cd9f579df4541731507792594
2024-11-13 14:23:17.341 [info] VSCODE_VERSION: 1.95.0
2024-11-13 14:23:17.341 [info] VSCODE_APP_NAME: Gitpod Code
2024-11-13 14:23:17.341 [info] VSCODE_APP_HOST: Gitpod
2024-11-13 14:23:17.341 [info] VSCODE_UI_KIND: web
2024-11-13 14:23:17.341 [info] GITPOD_WORKSPACE_CONTEXT_URL: https://github.com/freeCodeCamp/boilerplate-demographic-data-analyzer/
2024-11-13 14:23:17.341 [info] GITPOD_INSTANCE_ID: 69846aab-97fc-4fbf-a665-aa0958104dd9
2024-11-13 14:23:17.341 [info] GITPOD_WORKSPACE_URL: https://freecodecam-boilerplate-6er0tjvoi5z.ws-us116.gitpod.io
2024-11-13 14:23:17.341 [info] Gitpod Web 7ff72a2
2024-11-13 14:23:17.341 [info] Reading sessions from keychain...
2024-11-13 14:23:17.547 [info] Getting sessions for all scopes...
2024-11-13 14:23:17.547 [info] Getting sessions for all scopes...
2024-11-13 14:23:17.547 [info] Getting GitHub sessions for all scopes...
2024-11-13 14:23:17.547 [info] Getting sessions for function:accessCodeSyncStorage...
2024-11-13 14:23:17.548 [info] Got stored sessions!
2024-11-13 14:23:17.548 [info] Verified session with the following scopes: function:accessCodeSyncStorage function:closePort function:controlAdmission function:deleteEnvVar function:generateNewGitpodToken function:getDefaultWorkspaceImage function:getGitpodTokenScopes function:getIDToken function:getLoggedInUser function:getOpenPorts function:getSupportedWorkspaceClasses function:getTeams function:getToken function:getWorkspace function:getWorkspaceEnvVars function:getWorkspaceOwner function:getWorkspaceTimeout function:getWorkspaceUsers function:guessGitTokenScopes function:isWorkspaceOwner function:openPort function:sendHeartBeat function:setEnvVar function:setWorkspaceTimeout function:stopWorkspace function:takeSnapshot function:trackEvent function:updateGitStatus function:waitForSnapshot resource:contentBlob::*::create/get resource:envVar::*/**::update resource:envVar::*/*::update resource:envVar::freeCodeCamp/boilerplate-demographic-data-analyzer::create/get/update/delete resource:gitpodToken::*::create resource:snapshot::ws-freecodecam-boilerplate-6er0tjvoi5z::create resource:token::*::get resource:userStorage::*::create/get/update resource:workspace::freecodecam-boilerplate-6er0tjvoi5z::get/update resource:workspaceInstance::69846aab-97fc-4fbf-a665-aa0958104dd9::get/update/delete
2024-11-13 14:23:17.548 [info] Got 1 verified sessions.
2024-11-13 14:23:17.548 [info] Got 1 sessions for all scopes...
2024-11-13 14:23:17.548 [info] Got 1 sessions for all scopes...
2024-11-13 14:23:17.548 [info] Got 1 sessions for function:accessCodeSyncStorage...
2024-11-13 14:23:17.657 [info] Got 1 GitHub sessions for all scopes...
2024-11-13 14:23:17.939 [info] Getting GitHub sessions for all scopes...
2024-11-13 14:23:17.939 [info] Getting sessions for all scopes...
2024-11-13 14:23:17.939 [info] Got 1 GitHub sessions for all scopes...
2024-11-13 14:23:17.939 [info] Got 1 sessions for all scopes...
2024-11-13 14:23:18.024 [info] Getting GitHub sessions for all scopes...
2024-11-13 14:23:18.024 [info] Got 1 GitHub sessions for all scopes...
2024-11-13 14:23:18.782 [info] Getting GitHub sessions for read:user,repo,user:email,workflow...
2024-11-13 14:23:18.782 [info] Got 0 GitHub sessions for read:user,repo,user:email,workflow...
2024-11-13 14:23:19.326 [info] Getting GitHub sessions for project,read:org,read:user,repo,user:email,workflow...
2024-11-13 14:23:19.326 [info] Got 0 GitHub sessions for project,read:org,read:user,repo,user:email,workflow...
2024-11-13 14:23:19.976 [info] Getting GitHub sessions for read:user,repo,user:email,workflow...
2024-11-13 14:23:19.976 [info] Got 0 GitHub sessions for read:user,repo,user:email,workflow...
2024-11-13 14:23:20.584 [info] Getting GitHub sessions for read:user,repo,user:email...
2024-11-13 14:23:20.584 [info] Got 0 GitHub sessions for read:user,repo,user:email...
2024-11-13 14:23:21.274 [info] Getting GitHub sessions for read:user,repo,user:email,workflow...
2024-11-13 14:23:21.274 [info] Got 0 GitHub sessions for read:user,repo,user:email,workflow...
2024-11-13 14:29:15.628 [error] cannot maintain connection to supervisor 13 INTERNAL: closed
2024-11-13 14:29:16.629 [error] cannot maintain connection to supervisor 13 INTERNAL: closed
2024-11-13 14:29:17.631 [error] cannot maintain connection to supervisor 13 INTERNAL: closed
2024-11-13 14:29:18.634 [error] cannot maintain connection to supervisor 13 INTERNAL: closed
2024-11-13 14:29:19.636 [error] cannot maintain connection to supervisor 13 INTERNAL: closed
2024-11-13 14:29:20.638 [error] cannot maintain connection to supervisor 13 INTERNAL: closed
2024-11-13 14:29:21.641 [error] cannot maintain connection to supervisor 13 INTERNAL: closed
2024-11-13 14:29:22.642 [error] cannot maintain connection to supervisor 13 INTERNAL: closed
2024-11-13 14:29:23.643 [error] cannot maintain connection to supervisor 13 INTERNAL: closed
2024-11-13 14:29:24.646 [error] cannot maintain connection to supervisor 13 INTERNAL: closed
2024-11-13 14:29:25.647 [error] cannot maintain connection to supervisor 13 INTERNAL: closed
2024-11-13 14:29:26.648 [error] cannot maintain connection to supervisor 13 INTERNAL: closed
2024-11-13 14:29:27.650 [error] cannot maintain connection to supervisor 13 INTERNAL: closed
2024-11-13 14:29:28.652 [error] cannot maintain connection to supervisor 13 INTERNAL: closed
