2024-11-13 14:13:54.447 [info] Extension host with pid 218 started
2024-11-13 14:13:54.447 [error] Error: EEXIST: file already exists, open '/workspace/.vscode-remote/data/User/workspaceStorage/5b8ddb3f/vscode.lock'
2024-11-13 14:13:54.450 [info] Lock '/workspace/.vscode-remote/data/User/workspaceStorage/5b8ddb3f/vscode.lock': Could not acquire lock, checking if the file is stale.
2024-11-13 14:13:54.453 [info] Lock '/workspace/.vscode-remote/data/User/workspaceStorage/5b8ddb3f/vscode.lock': The pid 313 appears to be gone.
2024-11-13 14:13:54.453 [info] Lock '/workspace/.vscode-remote/data/User/workspaceStorage/5b8ddb3f/vscode.lock': Deleting a stale lock.
2024-11-13 14:13:54.455 [info] Lock '/workspace/.vscode-remote/data/User/workspaceStorage/5b8ddb3f/vscode.lock': Lock acquired.
2024-11-13 14:13:54.831 [info] ExtensionService#_doActivateExtension vscode.emmet, startup: false, activationEvent: 'onLanguage'
2024-11-13 14:13:55.127 [info] ExtensionService#_doActivateExtension vscode.git-base, startup: true, activationEvent: '*', root cause: vscode.git
2024-11-13 14:13:55.128 [info] ExtensionService#_doActivateExtension gitpod.gitpod-web, startup: true, activationEvent: '*'
2024-11-13 14:13:55.471 [info] ExtensionService#_doActivateExtension vscode.git, startup: true, activationEvent: '*'
2024-11-13 14:13:55.471 [info] ExtensionService#_doActivateExtension vscode.github, startup: true, activationEvent: '*'
2024-11-13 14:13:55.811 [info] Eager extensions activated
2024-11-13 14:13:55.812 [info] ExtensionService#_doActivateExtension vscode.debug-auto-launch, startup: false, activationEvent: 'onStartupFinished'
2024-11-13 14:13:55.812 [info] ExtensionService#_doActivateExtension vscode.merge-conflict, startup: false, activationEvent: 'onStartupFinished'
2024-11-13 14:13:55.812 [info] ExtensionService#_doActivateExtension vscode.github-authentication, startup: false, activationEvent: 'onStartupFinished', root cause: GitHub.vscode-pull-request-github
2024-11-13 14:13:56.112 [info] ExtensionService#_doActivateExtension GitHub.vscode-pull-request-github, startup: false, activationEvent: 'onStartupFinished'
2024-11-13 14:13:56.601 [info] ExtensionService#_doActivateExtension redhat.vscode-yaml, startup: false, activationEvent: 'onLanguage:yaml'
2024-11-13 14:13:57.187 [warning] [redhat.vscode-yaml] Accessing a resource scoped configuration without providing a resource is not expected. To get the effective value for '[yaml]', provide the URI of a resource or 'null' for any resource.
2024-11-13 14:13:57.188 [warning] [redhat.vscode-yaml] Accessing a resource scoped configuration without providing a resource is not expected. To get the effective value for '[yaml]', provide the URI of a resource or 'null' for any resource.
2024-11-13 14:28:13.615 [info] Extension host terminating: renderer disconnected for too long (2)
2024-11-13 14:28:13.616 [info] Lock '/workspace/.vscode-remote/data/User/workspaceStorage/5b8ddb3f/vscode.lock': Marking the lockfile as scheduled to be released in 6000 ms.
2024-11-13 14:28:13.640 [error] Canceled: Canceled
	at new rT (file:///ide/out/vs/workbench/api/node/extensionHostProcess.js:31:125649)
	at gy.U (file:///ide/out/vs/workbench/api/node/extensionHostProcess.js:31:130259)
	at s.<computed>.n.charCodeAt.s.<computed> (file:///ide/out/vs/workbench/api/node/extensionHostProcess.js:31:127753)
	at Z0.g (file:///ide/out/vs/workbench/api/node/extensionHostProcess.js:114:32463)
	at Z0.executeCommand (file:///ide/out/vs/workbench/api/node/extensionHostProcess.js:114:31967)
	at r.registerCommand.description (file:///ide/out/vs/workbench/api/node/extensionHostProcess.js:114:31297)
	at Z0.h (file:///ide/out/vs/workbench/api/node/extensionHostProcess.js:114:32983)
	at Z0.g (file:///ide/out/vs/workbench/api/node/extensionHostProcess.js:114:32060)
	at Z0.executeCommand (file:///ide/out/vs/workbench/api/node/extensionHostProcess.js:114:31967)
	at Object.executeCommand (file:///ide/out/vs/workbench/api/node/extensionHostProcess.js:156:37246)
	at vh.O [as value] (/ide/extensions/git/dist/main.js:2:961845)
	at P.B (file:///ide/out/vs/workbench/api/node/extensionHostProcess.js:29:746)
	at P.C (file:///ide/out/vs/workbench/api/node/extensionHostProcess.js:29:816)
	at P.fire (file:///ide/out/vs/workbench/api/node/extensionHostProcess.js:29:1033)
	at Object.p [as dispose] (/ide/extensions/git/dist/main.js:2:983333)
	at /ide/extensions/git/dist/main.js:2:989455
	at Array.forEach (<anonymous>)
	at b.dispose (/ide/extensions/git/dist/main.js:2:989441)
	at q1.<anonymous> (file:///ide/out/vs/workbench/api/node/extensionHostProcess.js:108:19994)
	at q1.dispose (file:///ide/out/vs/workbench/api/node/extensionHostProcess.js:108:20090)
	at q1.<anonymous> (/ide/extensions/git/dist/main.js:2:964255)
	at q1.dispose (file:///ide/out/vs/workbench/api/node/extensionHostProcess.js:108:20090)
	at ci (file:///ide/out/vs/workbench/api/node/extensionHostProcess.js:24:699)
	at file:///ide/out/vs/workbench/api/node/extensionHostProcess.js:118:14992
	at file:///ide/out/vs/workbench/api/node/extensionHostProcess.js:24:1009
	at Object.dispose (file:///ide/out/vs/workbench/api/node/extensionHostProcess.js:7:2146)
	at W_.eb (file:///ide/out/vs/workbench/api/node/extensionHostProcess.js:118:11919)
	at file:///ide/out/vs/workbench/api/node/extensionHostProcess.js:118:9874
	at Array.map (<anonymous>)
	at W_.$ (file:///ide/out/vs/workbench/api/node/extensionHostProcess.js:118:9862)
	at W_.terminate (file:///ide/out/vs/workbench/api/node/extensionHostProcess.js:118:10105)
	at xC.terminate (file:///ide/out/vs/workbench/api/node/extensionHostProcess.js:119:1424)
	at Zi (file:///ide/out/vs/workbench/api/node/extensionHostProcess.js:174:15063)
	at l5.a (file:///ide/out/vs/workbench/api/node/extensionHostProcess.js:174:11976)
	at l5.h (file:///ide/out/vs/workbench/api/node/extensionHostProcess.js:30:75682)
	at listOnTimeout (node:internal/timers:581:17)
	at process.processTimers (node:internal/timers:519:7) setContext undefined
2024-11-13 14:28:13.641 [error] Canceled: Canceled
	at new rT (file:///ide/out/vs/workbench/api/node/extensionHostProcess.js:31:125649)
	at gy.U (file:///ide/out/vs/workbench/api/node/extensionHostProcess.js:31:130259)
	at s.<computed>.n.charCodeAt.s.<computed> (file:///ide/out/vs/workbench/api/node/extensionHostProcess.js:31:127753)
	at Z0.g (file:///ide/out/vs/workbench/api/node/extensionHostProcess.js:114:32463)
	at Z0.executeCommand (file:///ide/out/vs/workbench/api/node/extensionHostProcess.js:114:31967)
	at r.registerCommand.description (file:///ide/out/vs/workbench/api/node/extensionHostProcess.js:114:31297)
	at Z0.h (file:///ide/out/vs/workbench/api/node/extensionHostProcess.js:114:32983)
	at Z0.g (file:///ide/out/vs/workbench/api/node/extensionHostProcess.js:114:32060)
	at Z0.executeCommand (file:///ide/out/vs/workbench/api/node/extensionHostProcess.js:114:31967)
	at Object.executeCommand (file:///ide/out/vs/workbench/api/node/extensionHostProcess.js:156:37246)
	at set hasGitHubRepositories [as hasGitHubRepositories] (/ide/extensions/github/dist/extension.js:2:328633)
	at /ide/extensions/github/dist/extension.js:2:329592
	at vh.value (/ide/extensions/git/dist/main.js:2:1073936)
	at P.B (file:///ide/out/vs/workbench/api/node/extensionHostProcess.js:29:746)
	at P.C (file:///ide/out/vs/workbench/api/node/extensionHostProcess.js:29:816)
	at P.fire (file:///ide/out/vs/workbench/api/node/extensionHostProcess.js:29:1033)
	at Object.p [as dispose] (/ide/extensions/git/dist/main.js:2:983333)
	at /ide/extensions/git/dist/main.js:2:989455
	at Array.forEach (<anonymous>)
	at b.dispose (/ide/extensions/git/dist/main.js:2:989441)
	at q1.<anonymous> (file:///ide/out/vs/workbench/api/node/extensionHostProcess.js:108:19994)
	at q1.dispose (file:///ide/out/vs/workbench/api/node/extensionHostProcess.js:108:20090)
	at q1.<anonymous> (/ide/extensions/git/dist/main.js:2:964255)
	at q1.dispose (file:///ide/out/vs/workbench/api/node/extensionHostProcess.js:108:20090)
	at ci (file:///ide/out/vs/workbench/api/node/extensionHostProcess.js:24:699)
	at file:///ide/out/vs/workbench/api/node/extensionHostProcess.js:118:14992
	at file:///ide/out/vs/workbench/api/node/extensionHostProcess.js:24:1009
	at Object.dispose (file:///ide/out/vs/workbench/api/node/extensionHostProcess.js:7:2146)
	at W_.eb (file:///ide/out/vs/workbench/api/node/extensionHostProcess.js:118:11919)
	at file:///ide/out/vs/workbench/api/node/extensionHostProcess.js:118:9874
	at Array.map (<anonymous>)
	at W_.$ (file:///ide/out/vs/workbench/api/node/extensionHostProcess.js:118:9862)
	at W_.terminate (file:///ide/out/vs/workbench/api/node/extensionHostProcess.js:118:10105)
	at xC.terminate (file:///ide/out/vs/workbench/api/node/extensionHostProcess.js:119:1424)
	at Zi (file:///ide/out/vs/workbench/api/node/extensionHostProcess.js:174:15063)
	at l5.a (file:///ide/out/vs/workbench/api/node/extensionHostProcess.js:174:11976)
	at l5.h (file:///ide/out/vs/workbench/api/node/extensionHostProcess.js:30:75682)
	at listOnTimeout (node:internal/timers:581:17)
	at process.processTimers (node:internal/timers:519:7) setContext undefined
2024-11-13 14:28:13.645 [error] Canceled: Canceled
	at new rT (file:///ide/out/vs/workbench/api/node/extensionHostProcess.js:31:125649)
	at gy.U (file:///ide/out/vs/workbench/api/node/extensionHostProcess.js:31:130259)
	at s.<computed>.n.charCodeAt.s.<computed> (file:///ide/out/vs/workbench/api/node/extensionHostProcess.js:31:127753)
	at Z0.g (file:///ide/out/vs/workbench/api/node/extensionHostProcess.js:114:32463)
	at Z0.executeCommand (file:///ide/out/vs/workbench/api/node/extensionHostProcess.js:114:31967)
	at r.registerCommand.description (file:///ide/out/vs/workbench/api/node/extensionHostProcess.js:114:31297)
	at Z0.h (file:///ide/out/vs/workbench/api/node/extensionHostProcess.js:114:32983)
	at Z0.g (file:///ide/out/vs/workbench/api/node/extensionHostProcess.js:114:32060)
	at Z0.executeCommand (file:///ide/out/vs/workbench/api/node/extensionHostProcess.js:114:31967)
	at Object.executeCommand (file:///ide/out/vs/workbench/api/node/extensionHostProcess.js:156:37246)
	at e (/workspace/.vscode-remote/extensions/github.vscode-pull-request-github-0.100.1-universal/dist/extension.js:2275:2059)
	at Object.i [as setContext] (/workspace/.vscode-remote/extensions/github.vscode-pull-request-github-0.100.1-universal/dist/extension.js:2275:2174)
	at Gm.updateActiveReviewCount (/workspace/.vscode-remote/extensions/github.vscode-pull-request-github-0.100.1-universal/dist/extension.js:2351:23876)
	at Gm.removeRepo (/workspace/.vscode-remote/extensions/github.vscode-pull-request-github-0.100.1-universal/dist/extension.js:2351:25061)
	at vh.value (/workspace/.vscode-remote/extensions/github.vscode-pull-request-github-0.100.1-universal/dist/extension.js:2683:4266)
	at P.B (file:///ide/out/vs/workbench/api/node/extensionHostProcess.js:29:746)
	at P.C (file:///ide/out/vs/workbench/api/node/extensionHostProcess.js:29:816)
	at P.fire (file:///ide/out/vs/workbench/api/node/extensionHostProcess.js:29:1033)
	at vh.value (/workspace/.vscode-remote/extensions/github.vscode-pull-request-github-0.100.1-universal/dist/extension.js:2242:444616)
	at P.B (file:///ide/out/vs/workbench/api/node/extensionHostProcess.js:29:746)
	at P.fire (file:///ide/out/vs/workbench/api/node/extensionHostProcess.js:29:964)
	at /workspace/.vscode-remote/extensions/github.vscode-pull-request-github-0.100.1-universal/dist/extension.js:2351:28821
	at vh.value (/ide/extensions/git/dist/main.js:2:1073936)
	at P.B (file:///ide/out/vs/workbench/api/node/extensionHostProcess.js:29:746)
	at P.C (file:///ide/out/vs/workbench/api/node/extensionHostProcess.js:29:816)
	at P.fire (file:///ide/out/vs/workbench/api/node/extensionHostProcess.js:29:1033)
	at Object.p [as dispose] (/ide/extensions/git/dist/main.js:2:983333)
	at /ide/extensions/git/dist/main.js:2:989455
	at Array.forEach (<anonymous>)
	at b.dispose (/ide/extensions/git/dist/main.js:2:989441)
	at q1.<anonymous> (file:///ide/out/vs/workbench/api/node/extensionHostProcess.js:108:19994)
	at q1.dispose (file:///ide/out/vs/workbench/api/node/extensionHostProcess.js:108:20090)
	at q1.<anonymous> (/ide/extensions/git/dist/main.js:2:964255)
	at q1.dispose (file:///ide/out/vs/workbench/api/node/extensionHostProcess.js:108:20090)
	at ci (file:///ide/out/vs/workbench/api/node/extensionHostProcess.js:24:699)
	at file:///ide/out/vs/workbench/api/node/extensionHostProcess.js:118:14992
	at file:///ide/out/vs/workbench/api/node/extensionHostProcess.js:24:1009
	at Object.dispose (file:///ide/out/vs/workbench/api/node/extensionHostProcess.js:7:2146)
	at W_.eb (file:///ide/out/vs/workbench/api/node/extensionHostProcess.js:118:11919)
	at file:///ide/out/vs/workbench/api/node/extensionHostProcess.js:118:9874
	at Array.map (<anonymous>)
	at W_.$ (file:///ide/out/vs/workbench/api/node/extensionHostProcess.js:118:9862)
	at W_.terminate (file:///ide/out/vs/workbench/api/node/extensionHostProcess.js:118:10105)
	at xC.terminate (file:///ide/out/vs/workbench/api/node/extensionHostProcess.js:119:1424)
	at Zi (file:///ide/out/vs/workbench/api/node/extensionHostProcess.js:174:15063)
	at l5.a (file:///ide/out/vs/workbench/api/node/extensionHostProcess.js:174:11976)
	at l5.h (file:///ide/out/vs/workbench/api/node/extensionHostProcess.js:30:75682)
	at listOnTimeout (node:internal/timers:581:17)
	at process.processTimers (node:internal/timers:519:7) setContext undefined
2024-11-13 14:28:13.645 [error] Canceled: Canceled
	at new rT (file:///ide/out/vs/workbench/api/node/extensionHostProcess.js:31:125649)
	at gy.U (file:///ide/out/vs/workbench/api/node/extensionHostProcess.js:31:130259)
	at s.<computed>.n.charCodeAt.s.<computed> (file:///ide/out/vs/workbench/api/node/extensionHostProcess.js:31:127753)
	at Z0.g (file:///ide/out/vs/workbench/api/node/extensionHostProcess.js:114:32463)
	at Z0.executeCommand (file:///ide/out/vs/workbench/api/node/extensionHostProcess.js:114:31967)
	at r.registerCommand.description (file:///ide/out/vs/workbench/api/node/extensionHostProcess.js:114:31297)
	at Z0.h (file:///ide/out/vs/workbench/api/node/extensionHostProcess.js:114:32983)
	at Z0.g (file:///ide/out/vs/workbench/api/node/extensionHostProcess.js:114:32060)
	at Z0.executeCommand (file:///ide/out/vs/workbench/api/node/extensionHostProcess.js:114:31967)
	at Object.executeCommand (file:///ide/out/vs/workbench/api/node/extensionHostProcess.js:156:37246)
	at e (/workspace/.vscode-remote/extensions/github.vscode-pull-request-github-0.100.1-universal/dist/extension.js:2275:2059)
	at Object.i [as setContext] (/workspace/.vscode-remote/extensions/github.vscode-pull-request-github-0.100.1-universal/dist/extension.js:2275:2174)
	at Xh.setReviewModeContexts (/workspace/.vscode-remote/extensions/github.vscode-pull-request-github-0.100.1-universal/dist/extension.js:2670:18902)
	at Xh.removePrFromView (/workspace/.vscode-remote/extensions/github.vscode-pull-request-github-0.100.1-universal/dist/extension.js:2670:19529)
	at gf.clear (/workspace/.vscode-remote/extensions/github.vscode-pull-request-github-0.100.1-universal/dist/extension.js:2332:10451)
	at gf.dispose (/workspace/.vscode-remote/extensions/github.vscode-pull-request-github-0.100.1-universal/dist/extension.js:2334:188)
	at af.removeReviewManager (/workspace/.vscode-remote/extensions/github.vscode-pull-request-github-0.100.1-universal/dist/extension.js:2670:50497)
	at vh.value (/workspace/.vscode-remote/extensions/github.vscode-pull-request-github-0.100.1-universal/dist/extension.js:2683:4283)
	at P.B (file:///ide/out/vs/workbench/api/node/extensionHostProcess.js:29:746)
	at P.C (file:///ide/out/vs/workbench/api/node/extensionHostProcess.js:29:816)
	at P.fire (file:///ide/out/vs/workbench/api/node/extensionHostProcess.js:29:1033)
	at vh.value (/workspace/.vscode-remote/extensions/github.vscode-pull-request-github-0.100.1-universal/dist/extension.js:2242:444616)
	at P.B (file:///ide/out/vs/workbench/api/node/extensionHostProcess.js:29:746)
	at P.fire (file:///ide/out/vs/workbench/api/node/extensionHostProcess.js:29:964)
	at /workspace/.vscode-remote/extensions/github.vscode-pull-request-github-0.100.1-universal/dist/extension.js:2351:28821
	at vh.value (/ide/extensions/git/dist/main.js:2:1073936)
	at P.B (file:///ide/out/vs/workbench/api/node/extensionHostProcess.js:29:746)
	at P.C (file:///ide/out/vs/workbench/api/node/extensionHostProcess.js:29:816)
	at P.fire (file:///ide/out/vs/workbench/api/node/extensionHostProcess.js:29:1033)
	at Object.p [as dispose] (/ide/extensions/git/dist/main.js:2:983333)
	at /ide/extensions/git/dist/main.js:2:989455
	at Array.forEach (<anonymous>)
	at b.dispose (/ide/extensions/git/dist/main.js:2:989441)
	at q1.<anonymous> (file:///ide/out/vs/workbench/api/node/extensionHostProcess.js:108:19994)
	at q1.dispose (file:///ide/out/vs/workbench/api/node/extensionHostProcess.js:108:20090)
	at q1.<anonymous> (/ide/extensions/git/dist/main.js:2:964255)
	at q1.dispose (file:///ide/out/vs/workbench/api/node/extensionHostProcess.js:108:20090)
	at ci (file:///ide/out/vs/workbench/api/node/extensionHostProcess.js:24:699)
	at file:///ide/out/vs/workbench/api/node/extensionHostProcess.js:118:14992
	at file:///ide/out/vs/workbench/api/node/extensionHostProcess.js:24:1009
	at Object.dispose (file:///ide/out/vs/workbench/api/node/extensionHostProcess.js:7:2146)
	at W_.eb (file:///ide/out/vs/workbench/api/node/extensionHostProcess.js:118:11919)
	at file:///ide/out/vs/workbench/api/node/extensionHostProcess.js:118:9874
	at Array.map (<anonymous>)
	at W_.$ (file:///ide/out/vs/workbench/api/node/extensionHostProcess.js:118:9862)
	at W_.terminate (file:///ide/out/vs/workbench/api/node/extensionHostProcess.js:118:10105)
	at xC.terminate (file:///ide/out/vs/workbench/api/node/extensionHostProcess.js:119:1424)
	at Zi (file:///ide/out/vs/workbench/api/node/extensionHostProcess.js:174:15063)
	at l5.a (file:///ide/out/vs/workbench/api/node/extensionHostProcess.js:174:11976)
	at l5.h (file:///ide/out/vs/workbench/api/node/extensionHostProcess.js:30:75682)
	at listOnTimeout (node:internal/timers:581:17)
	at process.processTimers (node:internal/timers:519:7) setContext undefined
2024-11-13 14:28:13.645 [info] Extension host with pid 218 exiting with code 0
