2024-11-15 03:26:17.800 [info] Log level: Info
2024-11-15 03:26:17.823 [info] VSCODE_MACHINE_ID: 5925cb6c-6eb3-4954-a9f3-525b5782cf00
2024-11-15 03:26:17.823 [info] VSCODE_SESSION_ID: 55caddb6-cce1-4367-98fb-5025876ca44a1731641174027
2024-11-15 03:26:17.823 [info] VSCODE_VERSION: 1.95.0
2024-11-15 03:26:17.823 [info] VSCODE_APP_NAME: Gitpod Code
2024-11-15 03:26:17.823 [info] VSCODE_APP_HOST: Gitpod
2024-11-15 03:26:17.823 [info] VSCODE_UI_KIND: web
2024-11-15 03:26:17.823 [info] GITPOD_WORKSPACE_CONTEXT_URL: https://github.com/freeCodeCamp/boilerplate-sea-level-predictor/
2024-11-15 03:26:17.823 [info] GITPOD_INSTANCE_ID: b9efb205-595d-4ed0-96ba-f579e021407b
2024-11-15 03:26:17.823 [info] GITPOD_WORKSPACE_URL: https://freecodecam-boilerplate-2pytooejf1u.ws-us116.gitpod.io
2024-11-15 03:26:17.830 [info] Gitpod Web 7ff72a2
2024-11-15 03:26:17.830 [info] Reading sessions from keychain...
2024-11-15 03:26:18.029 [info] Getting sessions for all scopes...
2024-11-15 03:26:18.029 [info] Getting sessions for all scopes...
2024-11-15 03:26:18.029 [info] Getting GitHub sessions for all scopes...
2024-11-15 03:26:18.029 [info] Getting sessions for function:accessCodeSyncStorage...
2024-11-15 03:26:18.029 [info] Got stored sessions!
2024-11-15 03:26:18.029 [info] Verified session with the following scopes: function:accessCodeSyncStorage function:closePort function:controlAdmission function:deleteEnvVar function:generateNewGitpodToken function:getDefaultWorkspaceImage function:getGitpodTokenScopes function:getIDToken function:getLoggedInUser function:getOpenPorts function:getSupportedWorkspaceClasses function:getTeams function:getToken function:getWorkspace function:getWorkspaceEnvVars function:getWorkspaceOwner function:getWorkspaceTimeout function:getWorkspaceUsers function:guessGitTokenScopes function:isWorkspaceOwner function:openPort function:sendHeartBeat function:setEnvVar function:setWorkspaceTimeout function:stopWorkspace function:takeSnapshot function:trackEvent function:updateGitStatus function:waitForSnapshot resource:contentBlob::*::create/get resource:envVar::*/**::update resource:envVar::*/*::update resource:envVar::freeCodeCamp/boilerplate-sea-level-predictor::create/get/update/delete resource:gitpodToken::*::create resource:snapshot::ws-freecodecam-boilerplate-2pytooejf1u::create resource:token::*::get resource:userStorage::*::create/get/update resource:workspace::freecodecam-boilerplate-2pytooejf1u::get/update resource:workspaceInstance::b9efb205-595d-4ed0-96ba-f579e021407b::get/update/delete
2024-11-15 03:26:18.030 [info] Got 1 verified sessions.
2024-11-15 03:26:18.030 [info] Got 1 sessions for all scopes...
2024-11-15 03:26:18.030 [info] Got 1 sessions for all scopes...
2024-11-15 03:26:18.030 [info] Got 1 sessions for function:accessCodeSyncStorage...
2024-11-15 03:26:18.254 [info] Got 1 GitHub sessions for all scopes...
2024-11-15 03:26:18.312 [info] Getting GitHub sessions for all scopes...
2024-11-15 03:26:18.312 [info] Getting sessions for all scopes...
2024-11-15 03:26:18.312 [info] Got 1 GitHub sessions for all scopes...
2024-11-15 03:26:18.312 [info] Got 1 sessions for all scopes...
2024-11-15 03:26:18.668 [info] Getting GitHub sessions for all scopes...
2024-11-15 03:26:18.668 [info] Got 1 GitHub sessions for all scopes...
2024-11-15 03:26:19.072 [info] Getting GitHub sessions for read:user,repo,user:email,workflow...
2024-11-15 03:26:19.073 [info] Got 0 GitHub sessions for read:user,repo,user:email,workflow...
2024-11-15 03:26:19.600 [info] Getting GitHub sessions for project,read:org,read:user,repo,user:email,workflow...
2024-11-15 03:26:19.600 [info] Got 0 GitHub sessions for project,read:org,read:user,repo,user:email,workflow...
2024-11-15 03:26:20.152 [info] Getting GitHub sessions for read:user,repo,user:email,workflow...
2024-11-15 03:26:20.153 [info] Got 0 GitHub sessions for read:user,repo,user:email,workflow...
2024-11-15 03:26:20.683 [info] Getting GitHub sessions for read:user,repo,user:email...
2024-11-15 03:26:20.683 [info] Got 0 GitHub sessions for read:user,repo,user:email...
2024-11-15 03:26:21.427 [info] Getting GitHub sessions for read:user,repo,user:email,workflow...
2024-11-15 03:26:21.427 [info] Got 0 GitHub sessions for read:user,repo,user:email,workflow...
2024-11-15 03:38:54.682 [error] cannot maintain connection to supervisor 13 INTERNAL: closed
2024-11-15 03:38:55.683 [error] cannot maintain connection to supervisor 13 INTERNAL: closed
2024-11-15 03:38:56.684 [error] cannot maintain connection to supervisor 13 INTERNAL: closed
2024-11-15 03:38:57.685 [error] cannot maintain connection to supervisor 13 INTERNAL: closed
2024-11-15 03:38:58.687 [error] cannot maintain connection to supervisor 13 INTERNAL: closed
2024-11-15 03:38:59.689 [error] cannot maintain connection to supervisor 13 INTERNAL: closed
2024-11-15 03:39:00.690 [error] cannot maintain connection to supervisor 13 INTERNAL: closed
2024-11-15 03:39:01.692 [error] cannot maintain connection to supervisor 13 INTERNAL: closed
2024-11-15 03:39:02.694 [error] cannot maintain connection to supervisor 13 INTERNAL: closed
2024-11-15 03:39:03.696 [error] cannot maintain connection to supervisor 13 INTERNAL: closed
2024-11-15 03:39:04.698 [error] cannot maintain connection to supervisor 13 INTERNAL: closed
2024-11-15 03:39:05.700 [error] cannot maintain connection to supervisor 13 INTERNAL: closed
2024-11-15 03:39:06.702 [error] cannot maintain connection to supervisor 13 INTERNAL: closed
2024-11-15 03:39:07.703 [error] cannot maintain connection to supervisor 13 INTERNAL: closed
