2024-11-13 14:13:55.794 [info] Log level: Info
2024-11-13 14:13:55.804 [info] VSCODE_MACHINE_ID: f9d27b11-5eec-465b-acb4-5ce689ef2cb4
2024-11-13 14:13:55.804 [info] VSCODE_SESSION_ID: 4668a76b-2425-4c15-8b66-82b57bb2ea441731507230743
2024-11-13 14:13:55.804 [info] VSCODE_VERSION: 1.95.0
2024-11-13 14:13:55.804 [info] VSCODE_APP_NAME: Gitpod Code
2024-11-13 14:13:55.804 [info] VSCODE_APP_HOST: Gitpod
2024-11-13 14:13:55.804 [info] VSCODE_UI_KIND: web
2024-11-13 14:13:55.804 [info] GITPOD_WORKSPACE_CONTEXT_URL: https://github.com/freeCodeCamp/boilerplate-demographic-data-analyzer/
2024-11-13 14:13:55.804 [info] GITPOD_INSTANCE_ID: 69846aab-97fc-4fbf-a665-aa0958104dd9
2024-11-13 14:13:55.804 [info] GITPOD_WORKSPACE_URL: https://freecodecam-boilerplate-6er0tjvoi5z.ws-us116.gitpod.io
2024-11-13 14:13:55.809 [info] Gitpod Web 7ff72a2
2024-11-13 14:13:55.809 [info] Reading sessions from keychain...
2024-11-13 14:13:56.109 [info] Getting sessions for all scopes...
2024-11-13 14:13:56.109 [info] Getting sessions for all scopes...
2024-11-13 14:13:56.109 [info] Getting sessions for function:accessCodeSyncStorage...
2024-11-13 14:13:56.109 [info] Getting GitHub sessions for all scopes...
2024-11-13 14:13:56.109 [info] Got stored sessions!
2024-11-13 14:13:56.109 [info] Verified session with the following scopes: function:accessCodeSyncStorage function:closePort function:controlAdmission function:deleteEnvVar function:generateNewGitpodToken function:getDefaultWorkspaceImage function:getGitpodTokenScopes function:getIDToken function:getLoggedInUser function:getOpenPorts function:getSupportedWorkspaceClasses function:getTeams function:getToken function:getWorkspace function:getWorkspaceEnvVars function:getWorkspaceOwner function:getWorkspaceTimeout function:getWorkspaceUsers function:guessGitTokenScopes function:isWorkspaceOwner function:openPort function:sendHeartBeat function:setEnvVar function:setWorkspaceTimeout function:stopWorkspace function:takeSnapshot function:trackEvent function:updateGitStatus function:waitForSnapshot resource:contentBlob::*::create/get resource:envVar::*/**::update resource:envVar::*/*::update resource:envVar::freeCodeCamp/boilerplate-demographic-data-analyzer::create/get/update/delete resource:gitpodToken::*::create resource:snapshot::ws-freecodecam-boilerplate-6er0tjvoi5z::create resource:token::*::get resource:userStorage::*::create/get/update resource:workspace::freecodecam-boilerplate-6er0tjvoi5z::get/update resource:workspaceInstance::69846aab-97fc-4fbf-a665-aa0958104dd9::get/update/delete
2024-11-13 14:13:56.112 [info] Got 1 verified sessions.
2024-11-13 14:13:56.112 [info] Got 1 sessions for all scopes...
2024-11-13 14:13:56.112 [info] Got 1 sessions for all scopes...
2024-11-13 14:13:56.112 [info] Got 1 sessions for function:accessCodeSyncStorage...
2024-11-13 14:13:56.243 [info] Got 1 GitHub sessions for all scopes...
2024-11-13 14:13:56.481 [info] Getting GitHub sessions for all scopes...
2024-11-13 14:13:56.481 [info] Getting sessions for all scopes...
2024-11-13 14:13:56.481 [info] Got 1 GitHub sessions for all scopes...
2024-11-13 14:13:56.481 [info] Got 1 sessions for all scopes...
2024-11-13 14:13:56.492 [info] Getting GitHub sessions for all scopes...
2024-11-13 14:13:56.492 [info] Got 1 GitHub sessions for all scopes...
2024-11-13 14:13:56.707 [info] Getting GitHub sessions for read:user,repo,user:email,workflow...
2024-11-13 14:13:56.708 [info] Got 0 GitHub sessions for read:user,repo,user:email,workflow...
2024-11-13 14:13:56.822 [info] Getting sessions for all scopes...
2024-11-13 14:13:56.822 [info] Getting GitHub sessions for all scopes...
2024-11-13 14:13:56.822 [info] Got 1 sessions for all scopes...
2024-11-13 14:13:56.822 [info] Got 1 GitHub sessions for all scopes...
2024-11-13 14:13:57.130 [info] Getting GitHub sessions for project,read:org,read:user,repo,user:email,workflow...
2024-11-13 14:13:57.130 [info] Got 0 GitHub sessions for project,read:org,read:user,repo,user:email,workflow...
2024-11-13 14:13:57.750 [info] Getting GitHub sessions for read:user,repo,user:email,workflow...
2024-11-13 14:13:57.750 [info] Got 0 GitHub sessions for read:user,repo,user:email,workflow...
2024-11-13 14:13:58.308 [info] Getting GitHub sessions for read:user,repo,user:email...
2024-11-13 14:13:58.308 [info] Got 0 GitHub sessions for read:user,repo,user:email...
2024-11-13 14:13:58.871 [info] Getting GitHub sessions for read:user,repo,user:email,workflow...
2024-11-13 14:13:58.871 [info] Got 0 GitHub sessions for read:user,repo,user:email,workflow...
