2024-11-13 02:15:52.025 [info] [main] Log level: Info
2024-11-13 02:15:52.025 [info] [main] Validating found git in: "git"
2024-11-13 02:15:52.025 [info] [main] Using git "2.46.0" from "git"
2024-11-13 02:15:52.025 [info] [Model][doInitialScan] Initial repository scan started
2024-11-13 02:15:52.025 [info] > git rev-parse --show-toplevel [2ms]
2024-11-13 02:15:52.025 [info] > git rev-parse --git-dir --git-common-dir [2ms]
2024-11-13 02:15:52.025 [info] [Model][openRepository] Opened repository: /workspace/boilerplate-mean-variance-standard-deviation-calculator
2024-11-13 02:15:52.025 [info] > git config --get commit.template [4ms]
2024-11-13 02:15:52.025 [info] > git rev-parse --show-toplevel [5ms]
2024-11-13 02:15:52.025 [info] [Model][doInitialScan] Initial repository scan completed - repositories (1), closed repositories (0), parent repositories (0), unsafe repositories (0)
2024-11-13 02:15:52.025 [info] > git for-each-ref --format=%(refname)%00%(upstream:short)%00%(objectname)%00%(upstream:track)%00%(upstream:remotename)%00%(upstream:remoteref) refs/heads/main refs/remotes/main [2ms]
2024-11-13 02:15:52.025 [warning] [Git][revParse] Unable to read file: ENOENT: no such file or directory, open '/workspace/boilerplate-mean-variance-standard-deviation-calculator/.git/refs/remotes/origin/main'
2024-11-13 02:15:52.025 [info] > git rev-parse refs/remotes/origin/main [2ms]
2024-11-13 02:15:52.025 [info] > git status -z -uall [3ms]
2024-11-13 02:15:52.025 [info] > git for-each-ref --sort -committerdate --format %(refname) %(objectname) %(*objectname) [2ms]
2024-11-13 02:15:52.025 [info] > git for-each-ref --format=%(refname)%00%(upstream:short)%00%(objectname)%00%(upstream:track)%00%(upstream:remotename)%00%(upstream:remoteref) refs/heads/main refs/remotes/main [5ms]
2024-11-13 02:15:52.025 [info] > git config --get commit.template [4ms]
2024-11-13 02:15:52.025 [info] > git config --local branch.main.vscode-merge-base [4ms]
2024-11-13 02:15:52.025 [warning] [Git][config] git config failed: Failed to execute git
2024-11-13 02:15:52.025 [info] > git for-each-ref --format=%(refname)%00%(upstream:short)%00%(objectname)%00%(upstream:track)%00%(upstream:remotename)%00%(upstream:remoteref) refs/heads/main refs/remotes/main [5ms]
2024-11-13 02:15:52.025 [warning] [Git][revParse] Unable to read file: ENOENT: no such file or directory, open '/workspace/boilerplate-mean-variance-standard-deviation-calculator/.git/refs/remotes/origin/main'
2024-11-13 02:15:52.025 [info] > git reflog main --grep-reflog=branch: Created from *. [4ms]
2024-11-13 02:15:52.025 [info] > git rev-parse refs/remotes/origin/main [3ms]
2024-11-13 02:15:52.025 [info] > git status -z -uall [4ms]
2024-11-13 02:15:52.025 [info] > git symbolic-ref --short refs/remotes/origin/HEAD [7ms]
2024-11-13 02:15:52.025 [info] > git for-each-ref --sort -committerdate --format %(refname) %(objectname) %(*objectname) [4ms]
2024-11-13 02:15:52.025 [info] > git for-each-ref --format=%(refname)%00%(upstream:short)%00%(objectname)%00%(upstream:track)%00%(upstream:remotename)%00%(upstream:remoteref) refs/heads/origin/main refs/remotes/origin/main [6ms]
2024-11-13 02:15:52.025 [info] > git for-each-ref --format=%(refname)%00%(upstream:short)%00%(objectname)%00%(upstream:track)%00%(upstream:remotename)%00%(upstream:remoteref) refs/heads/main refs/remotes/main [5ms]
2024-11-13 02:15:52.025 [info] > git config --local branch.main.vscode-merge-base origin/main [4ms]
2024-11-13 02:15:52.025 [info] > git config --local branch.main.vscode-merge-base [4ms]
2024-11-13 02:15:52.025 [info] > git config --get commit.template [4ms]
2024-11-13 02:15:52.025 [info] > git for-each-ref --format=%(refname)%00%(upstream:short)%00%(objectname)%00%(upstream:track)%00%(upstream:remotename)%00%(upstream:remoteref) refs/heads/origin/main refs/remotes/origin/main [4ms]
2024-11-13 02:15:52.025 [info] > git merge-base refs/heads/main refs/remotes/origin/main [15ms]
2024-11-13 02:15:52.025 [info] > git for-each-ref --format=%(refname)%00%(upstream:short)%00%(objectname)%00%(upstream:track)%00%(upstream:remotename)%00%(upstream:remoteref) refs/heads/main refs/remotes/main [22ms]
2024-11-13 02:15:52.025 [warning] [Git][revParse] Unable to read file: ENOENT: no such file or directory, open '/workspace/boilerplate-mean-variance-standard-deviation-calculator/.git/refs/remotes/origin/main'
2024-11-13 02:15:52.025 [info] > git diff --name-status -z --diff-filter=ADMR 126bb94a8f8f4535ddcfe5452e188a4625062059...refs/remotes/origin/main [4ms]
2024-11-13 02:15:52.025 [info] > git rev-parse refs/remotes/origin/main [2ms]
2024-11-13 02:15:52.025 [info] > git status -z -uall [3ms]
2024-11-13 02:15:52.025 [info] > git for-each-ref --sort -committerdate --format %(refname) %(objectname) %(*objectname) [2ms]
2024-11-13 02:15:52.656 [info] > git check-ignore -v -z --stdin [2ms]
2024-11-13 02:15:58.703 [info] > git config --local branch.main.github-pr-owner-number [1ms]
2024-11-13 02:15:58.703 [warning] [Git][config] git config failed: Failed to execute git
2024-11-13 02:16:39.296 [info] > git show --textconv :mean_var_std.py [4ms]
2024-11-13 02:16:39.298 [info] > git ls-files --stage -- /workspace/boilerplate-mean-variance-standard-deviation-calculator/mean_var_std.py [2ms]
2024-11-13 02:16:39.304 [info] > git cat-file -s f9d4d6deef5ea7444ebd6bcd58a3422b7e3d9fcf [2ms]
2024-11-13 02:18:01.855 [info] > git config --get commit.template [7ms]
2024-11-13 02:18:01.856 [info] > git for-each-ref --format=%(refname)%00%(upstream:short)%00%(objectname)%00%(upstream:track)%00%(upstream:remotename)%00%(upstream:remoteref) refs/heads/main refs/remotes/main [3ms]
2024-11-13 02:18:01.860 [warning] [Git][revParse] Unable to read file: ENOENT: no such file or directory, open '/workspace/boilerplate-mean-variance-standard-deviation-calculator/.git/refs/remotes/origin/main'
2024-11-13 02:18:01.862 [info] > git rev-parse refs/remotes/origin/main [2ms]
2024-11-13 02:18:01.871 [info] > git status -z -uall [5ms]
2024-11-13 02:18:01.873 [info] > git for-each-ref --sort -committerdate --format %(refname) %(objectname) %(*objectname) [2ms]
2024-11-13 02:18:02.413 [info] > git ls-files --stage -- /workspace/boilerplate-mean-variance-standard-deviation-calculator/mean_var_std.py [1ms]
2024-11-13 02:18:02.419 [info] > git cat-file -s f9d4d6deef5ea7444ebd6bcd58a3422b7e3d9fcf [2ms]
2024-11-13 02:18:03.152 [info] > git show --textconv :mean_var_std.py [2ms]
2024-11-13 02:26:35.068 [info] > git config --get commit.template [4ms]
2024-11-13 02:26:35.069 [info] > git for-each-ref --format=%(refname)%00%(upstream:short)%00%(objectname)%00%(upstream:track)%00%(upstream:remotename)%00%(upstream:remoteref) refs/heads/main refs/remotes/main [2ms]
2024-11-13 02:26:35.073 [warning] [Git][revParse] Unable to read file: ENOENT: no such file or directory, open '/workspace/boilerplate-mean-variance-standard-deviation-calculator/.git/refs/remotes/origin/main'
2024-11-13 02:26:35.075 [info] > git rev-parse refs/remotes/origin/main [2ms]
2024-11-13 02:26:35.082 [info] > git status -z -uall [4ms]
2024-11-13 02:26:35.083 [info] > git for-each-ref --sort -committerdate --format %(refname) %(objectname) %(*objectname) [2ms]
2024-11-13 02:26:40.098 [info] > git config --get commit.template [5ms]
2024-11-13 02:26:40.099 [info] > git for-each-ref --format=%(refname)%00%(upstream:short)%00%(objectname)%00%(upstream:track)%00%(upstream:remotename)%00%(upstream:remoteref) refs/heads/main refs/remotes/main [2ms]
2024-11-13 02:26:40.103 [warning] [Git][revParse] Unable to read file: ENOENT: no such file or directory, open '/workspace/boilerplate-mean-variance-standard-deviation-calculator/.git/refs/remotes/origin/main'
2024-11-13 02:26:40.105 [info] > git rev-parse refs/remotes/origin/main [1ms]
2024-11-13 02:26:40.113 [info] > git status -z -uall [5ms]
2024-11-13 02:26:40.115 [info] > git for-each-ref --sort -committerdate --format %(refname) %(objectname) %(*objectname) [2ms]
2024-11-13 02:26:45.127 [info] > git config --get commit.template [5ms]
2024-11-13 02:26:45.128 [info] > git for-each-ref --format=%(refname)%00%(upstream:short)%00%(objectname)%00%(upstream:track)%00%(upstream:remotename)%00%(upstream:remoteref) refs/heads/main refs/remotes/main [2ms]
2024-11-13 02:26:45.132 [warning] [Git][revParse] Unable to read file: ENOENT: no such file or directory, open '/workspace/boilerplate-mean-variance-standard-deviation-calculator/.git/refs/remotes/origin/main'
2024-11-13 02:26:45.134 [info] > git rev-parse refs/remotes/origin/main [2ms]
2024-11-13 02:26:45.142 [info] > git status -z -uall [5ms]
2024-11-13 02:26:45.143 [info] > git for-each-ref --sort -committerdate --format %(refname) %(objectname) %(*objectname) [2ms]
2024-11-13 02:26:50.154 [info] > git config --get commit.template [4ms]
2024-11-13 02:26:50.156 [info] > git for-each-ref --format=%(refname)%00%(upstream:short)%00%(objectname)%00%(upstream:track)%00%(upstream:remotename)%00%(upstream:remoteref) refs/heads/main refs/remotes/main [2ms]
2024-11-13 02:26:50.159 [warning] [Git][revParse] Unable to read file: ENOENT: no such file or directory, open '/workspace/boilerplate-mean-variance-standard-deviation-calculator/.git/refs/remotes/origin/main'
2024-11-13 02:26:50.160 [info] > git rev-parse refs/remotes/origin/main [1ms]
2024-11-13 02:26:50.167 [info] > git status -z -uall [3ms]
2024-11-13 02:26:50.169 [info] > git for-each-ref --sort -committerdate --format %(refname) %(objectname) %(*objectname) [2ms]
2024-11-13 02:26:55.180 [info] > git config --get commit.template [5ms]
2024-11-13 02:26:55.182 [info] > git for-each-ref --format=%(refname)%00%(upstream:short)%00%(objectname)%00%(upstream:track)%00%(upstream:remotename)%00%(upstream:remoteref) refs/heads/main refs/remotes/main [2ms]
2024-11-13 02:26:55.185 [warning] [Git][revParse] Unable to read file: ENOENT: no such file or directory, open '/workspace/boilerplate-mean-variance-standard-deviation-calculator/.git/refs/remotes/origin/main'
2024-11-13 02:26:55.186 [info] > git rev-parse refs/remotes/origin/main [1ms]
2024-11-13 02:26:55.193 [info] > git status -z -uall [4ms]
2024-11-13 02:26:55.195 [info] > git for-each-ref --sort -committerdate --format %(refname) %(objectname) %(*objectname) [2ms]
2024-11-13 02:27:00.207 [info] > git config --get commit.template [5ms]
2024-11-13 02:27:00.208 [info] > git for-each-ref --format=%(refname)%00%(upstream:short)%00%(objectname)%00%(upstream:track)%00%(upstream:remotename)%00%(upstream:remoteref) refs/heads/main refs/remotes/main [2ms]
2024-11-13 02:27:00.212 [warning] [Git][revParse] Unable to read file: ENOENT: no such file or directory, open '/workspace/boilerplate-mean-variance-standard-deviation-calculator/.git/refs/remotes/origin/main'
2024-11-13 02:27:00.214 [info] > git rev-parse refs/remotes/origin/main [2ms]
2024-11-13 02:27:00.220 [info] > git status -z -uall [3ms]
2024-11-13 02:27:00.222 [info] > git for-each-ref --sort -committerdate --format %(refname) %(objectname) %(*objectname) [2ms]
2024-11-13 02:27:05.234 [info] > git config --get commit.template [5ms]
2024-11-13 02:27:05.235 [info] > git for-each-ref --format=%(refname)%00%(upstream:short)%00%(objectname)%00%(upstream:track)%00%(upstream:remotename)%00%(upstream:remoteref) refs/heads/main refs/remotes/main [2ms]
2024-11-13 02:27:05.239 [warning] [Git][revParse] Unable to read file: ENOENT: no such file or directory, open '/workspace/boilerplate-mean-variance-standard-deviation-calculator/.git/refs/remotes/origin/main'
2024-11-13 02:27:05.240 [info] > git rev-parse refs/remotes/origin/main [1ms]
2024-11-13 02:27:05.247 [info] > git status -z -uall [3ms]
2024-11-13 02:27:05.249 [info] > git for-each-ref --sort -committerdate --format %(refname) %(objectname) %(*objectname) [2ms]
2024-11-13 02:27:10.258 [info] > git config --get commit.template [4ms]
2024-11-13 02:27:10.259 [info] > git for-each-ref --format=%(refname)%00%(upstream:short)%00%(objectname)%00%(upstream:track)%00%(upstream:remotename)%00%(upstream:remoteref) refs/heads/main refs/remotes/main [2ms]
2024-11-13 02:27:10.262 [warning] [Git][revParse] Unable to read file: ENOENT: no such file or directory, open '/workspace/boilerplate-mean-variance-standard-deviation-calculator/.git/refs/remotes/origin/main'
2024-11-13 02:27:10.264 [info] > git rev-parse refs/remotes/origin/main [2ms]
2024-11-13 02:27:10.271 [info] > git status -z -uall [4ms]
2024-11-13 02:27:10.272 [info] > git for-each-ref --sort -committerdate --format %(refname) %(objectname) %(*objectname) [2ms]
2024-11-13 02:27:10.868 [info] > git show --textconv :main.py [3ms]
2024-11-13 02:27:10.870 [info] > git ls-files --stage -- /workspace/boilerplate-mean-variance-standard-deviation-calculator/main.py [2ms]
2024-11-13 02:27:10.875 [info] > git cat-file -s cbe86e5a6413a857e63930ff93f6d8d1574e7ce9 [2ms]
2024-11-13 02:27:15.106 [info] > git show --textconv :test_module.py [3ms]
2024-11-13 02:27:15.108 [info] > git ls-files --stage -- /workspace/boilerplate-mean-variance-standard-deviation-calculator/test_module.py [2ms]
2024-11-13 02:27:15.112 [info] > git cat-file -s 14f4dc8f4aabd0458dc069fe2a488da3e19de8f1 [2ms]
2024-11-13 02:27:36.091 [info] > git config --get commit.template [4ms]
2024-11-13 02:27:36.093 [info] > git for-each-ref --format=%(refname)%00%(upstream:short)%00%(objectname)%00%(upstream:track)%00%(upstream:remotename)%00%(upstream:remoteref) refs/heads/main refs/remotes/main [2ms]
2024-11-13 02:27:36.096 [warning] [Git][revParse] Unable to read file: ENOENT: no such file or directory, open '/workspace/boilerplate-mean-variance-standard-deviation-calculator/.git/refs/remotes/origin/main'
2024-11-13 02:27:36.097 [info] > git rev-parse refs/remotes/origin/main [1ms]
2024-11-13 02:27:36.104 [info] > git status -z -uall [4ms]
2024-11-13 02:27:36.105 [info] > git for-each-ref --sort -committerdate --format %(refname) %(objectname) %(*objectname) [2ms]
2024-11-13 02:27:36.295 [info] > git check-ignore -v -z --stdin [1ms]
2024-11-13 02:27:57.613 [info] > git show --textconv :main.py [3ms]
2024-11-13 02:27:57.615 [info] > git ls-files --stage -- /workspace/boilerplate-mean-variance-standard-deviation-calculator/main.py [2ms]
2024-11-13 02:27:57.621 [info] > git cat-file -s cbe86e5a6413a857e63930ff93f6d8d1574e7ce9 [3ms]
2024-11-13 02:28:14.513 [info] > git show --textconv :.gitpod.yml [4ms]
2024-11-13 02:28:14.514 [info] > git ls-files --stage -- /workspace/boilerplate-mean-variance-standard-deviation-calculator/.gitpod.yml [2ms]
2024-11-13 02:28:14.519 [info] > git cat-file -s 9e6462af29cbc54f56bdf7e75d76edff4cd6775f [2ms]
2024-11-13 02:28:17.426 [info] > git show --textconv :mean_var_std.py [3ms]
2024-11-13 02:28:17.427 [info] > git ls-files --stage -- /workspace/boilerplate-mean-variance-standard-deviation-calculator/mean_var_std.py [1ms]
2024-11-13 02:28:17.433 [info] > git cat-file -s f9d4d6deef5ea7444ebd6bcd58a3422b7e3d9fcf [1ms]
2024-11-13 02:28:18.258 [info] > git show --textconv :main.py [4ms]
2024-11-13 02:28:18.259 [info] > git ls-files --stage -- /workspace/boilerplate-mean-variance-standard-deviation-calculator/main.py [2ms]
2024-11-13 02:28:18.265 [info] > git cat-file -s cbe86e5a6413a857e63930ff93f6d8d1574e7ce9 [2ms]
2024-11-13 02:28:20.237 [info] > git show --textconv :mean_var_std.py [4ms]
2024-11-13 02:28:20.238 [info] > git ls-files --stage -- /workspace/boilerplate-mean-variance-standard-deviation-calculator/mean_var_std.py [2ms]
2024-11-13 02:28:20.243 [info] > git cat-file -s f9d4d6deef5ea7444ebd6bcd58a3422b7e3d9fcf [2ms]
2024-11-13 02:28:22.275 [info] > git show --textconv :test_module.py [4ms]
2024-11-13 02:28:22.276 [info] > git ls-files --stage -- /workspace/boilerplate-mean-variance-standard-deviation-calculator/test_module.py [2ms]
2024-11-13 02:28:22.281 [info] > git cat-file -s 14f4dc8f4aabd0458dc069fe2a488da3e19de8f1 [2ms]
