2024-11-14 22:18:46.454 [info] [main] Log level: Info
2024-11-14 22:18:46.454 [info] [main] Validating found git in: "git"
2024-11-14 22:18:46.454 [info] [main] Using git "2.46.0" from "git"
2024-11-14 22:18:46.454 [info] [Model][doInitialScan] Initial repository scan started
2024-11-14 22:18:46.454 [info] > git rev-parse --show-toplevel [2ms]
2024-11-14 22:18:46.454 [info] > git rev-parse --git-dir --git-common-dir [2ms]
2024-11-14 22:18:46.454 [info] [Model][openRepository] Opened repository: /workspace/boilerplate-page-view-time-series-visualizer
2024-11-14 22:18:46.454 [info] > git config --get commit.template [4ms]
2024-11-14 22:18:46.454 [info] > git rev-parse --show-toplevel [6ms]
2024-11-14 22:18:46.454 [info] > git for-each-ref --format=%(refname)%00%(upstream:short)%00%(objectname)%00%(upstream:track)%00%(upstream:remotename)%00%(upstream:remoteref) refs/heads/main refs/remotes/main [5ms]
2024-11-14 22:18:46.454 [warning] [Git][revParse] Unable to read file: ENOENT: no such file or directory, open '/workspace/boilerplate-page-view-time-series-visualizer/.git/refs/remotes/origin/main'
2024-11-14 22:18:46.454 [info] > git rev-parse --show-toplevel [4ms]
2024-11-14 22:18:46.454 [info] [Model][doInitialScan] Initial repository scan completed - repositories (1), closed repositories (0), parent repositories (0), unsafe repositories (0)
2024-11-14 22:18:46.454 [info] > git rev-parse refs/remotes/origin/main [2ms]
2024-11-14 22:18:46.454 [info] > git status -z -uall [4ms]
2024-11-14 22:18:46.454 [info] > git for-each-ref --sort -committerdate --format %(refname) %(objectname) %(*objectname) [2ms]
2024-11-14 22:18:46.454 [info] > git for-each-ref --format=%(refname)%00%(upstream:short)%00%(objectname)%00%(upstream:track)%00%(upstream:remotename)%00%(upstream:remoteref) refs/heads/main refs/remotes/main [6ms]
2024-11-14 22:18:46.454 [info] > git config --get commit.template [5ms]
2024-11-14 22:18:46.454 [info] > git config --local branch.main.vscode-merge-base [5ms]
2024-11-14 22:18:46.454 [warning] [Git][config] git config failed: Failed to execute git
2024-11-14 22:18:46.454 [info] > git for-each-ref --format=%(refname)%00%(upstream:short)%00%(objectname)%00%(upstream:track)%00%(upstream:remotename)%00%(upstream:remoteref) refs/heads/main refs/remotes/main [4ms]
2024-11-14 22:18:46.454 [warning] [Git][revParse] Unable to read file: ENOENT: no such file or directory, open '/workspace/boilerplate-page-view-time-series-visualizer/.git/refs/remotes/origin/main'
2024-11-14 22:18:46.454 [info] > git reflog main --grep-reflog=branch: Created from *. [4ms]
2024-11-14 22:18:46.454 [info] > git rev-parse refs/remotes/origin/main [4ms]
2024-11-14 22:18:46.454 [info] > git status -z -uall [5ms]
2024-11-14 22:18:46.454 [info] > git symbolic-ref --short refs/remotes/origin/HEAD [8ms]
2024-11-14 22:18:46.454 [info] > git for-each-ref --sort -committerdate --format %(refname) %(objectname) %(*objectname) [122ms]
2024-11-14 22:18:46.454 [info] > git for-each-ref --format=%(refname)%00%(upstream:short)%00%(objectname)%00%(upstream:track)%00%(upstream:remotename)%00%(upstream:remoteref) refs/heads/origin/main refs/remotes/origin/main [124ms]
2024-11-14 22:18:46.454 [info] > git for-each-ref --format=%(refname)%00%(upstream:short)%00%(objectname)%00%(upstream:track)%00%(upstream:remotename)%00%(upstream:remoteref) refs/heads/main refs/remotes/main [4ms]
2024-11-14 22:18:46.454 [info] > git config --local branch.main.vscode-merge-base origin/main [4ms]
2024-11-14 22:18:46.454 [info] > git config --local branch.main.vscode-merge-base [2ms]
2024-11-14 22:18:46.454 [info] > git for-each-ref --format=%(refname)%00%(upstream:short)%00%(objectname)%00%(upstream:track)%00%(upstream:remotename)%00%(upstream:remoteref) refs/heads/origin/main refs/remotes/origin/main [3ms]
2024-11-14 22:18:46.454 [info] > git config --get commit.template [9ms]
2024-11-14 22:18:46.454 [info] > git merge-base refs/heads/main refs/remotes/origin/main [6ms]
2024-11-14 22:18:46.454 [info] > git for-each-ref --format=%(refname)%00%(upstream:short)%00%(objectname)%00%(upstream:track)%00%(upstream:remotename)%00%(upstream:remoteref) refs/heads/main refs/remotes/main [7ms]
2024-11-14 22:18:46.454 [info] > git diff --name-status -z --diff-filter=ADMR 10d2fe8058be34cdf47d730d03e5ee1500bf23cf...refs/remotes/origin/main [3ms]
2024-11-14 22:18:46.454 [warning] [Git][revParse] Unable to read file: ENOENT: no such file or directory, open '/workspace/boilerplate-page-view-time-series-visualizer/.git/refs/remotes/origin/main'
2024-11-14 22:18:46.454 [info] > git rev-parse refs/remotes/origin/main [129ms]
2024-11-14 22:18:46.454 [info] > git status -z -uall [5ms]
2024-11-14 22:18:46.455 [info] > git for-each-ref --sort -committerdate --format %(refname) %(objectname) %(*objectname) [3ms]
2024-11-14 22:18:46.960 [info] > git check-ignore -v -z --stdin [2ms]
2024-11-14 22:18:47.548 [info] > git config --get commit.template [4ms]
2024-11-14 22:18:47.548 [info] > git for-each-ref --format=%(refname)%00%(upstream:short)%00%(objectname)%00%(upstream:track)%00%(upstream:remotename)%00%(upstream:remoteref) refs/heads/main refs/remotes/main [2ms]
2024-11-14 22:18:47.552 [warning] [Git][revParse] Unable to read file: ENOENT: no such file or directory, open '/workspace/boilerplate-page-view-time-series-visualizer/.git/refs/remotes/origin/main'
2024-11-14 22:18:47.553 [info] > git rev-parse refs/remotes/origin/main [1ms]
2024-11-14 22:18:47.561 [info] > git status -z -uall [4ms]
2024-11-14 22:18:47.563 [info] > git for-each-ref --sort -committerdate --format %(refname) %(objectname) %(*objectname) [2ms]
2024-11-14 22:18:49.109 [info] > git config --local branch.main.github-pr-owner-number [3ms]
2024-11-14 22:18:49.109 [warning] [Git][config] git config failed: Failed to execute git
