[390ns] Shutting down all processes 
[316.17µs] Terminating process supervisor with PID 34 (state: S, cmdlind: [supervisor run] <nil>). 
[15.007726856s] Terminating process didn't finish, but had to be force killed 
[15.008174387s] Terminating process node with PID 435 (state: S, cmdlind: [/ide/node /ide/out/bootstrap-fork --type=ptyHost --logsPath /workspace/.vscode-remote/data/logs/20241113T022935] <nil>). 
[15.008255396s] Terminating process bash with PID 87 (state: S, cmdlind: [/bin/bash] <nil>). 
[15.008272167s] Terminating process didn't finish, but had to be force killed 
[15.008298407s] Terminating process didn't finish, but had to be force killed 
[15.008295256s] Terminating process node with PID 313 (state: S, cmdlind: [/ide/node --dns-result-order=ipv4first /ide/out/bootstrap-fork --type=extensionHost --transformURIs --useHostProxy=false] <nil>). 
[15.008346436s] Terminating process node with PID 300 (state: S, cmdlind: [/ide/node /ide/out/bootstrap-fork --type=fileWatcher] <nil>). 
[15.008426276s] Terminating process didn't finish, but had to be force killed 
[15.008494767s] Terminating process didn't finish, but had to be force killed 
[15.008550616s] Terminating process node with PID 67 (state: S, cmdlind: [/ide/node /ide/out/server-main.js --log=info --install-builtin-extension gitpod.gitpod-theme --install-builtin-extension github.vscode-pull-request-github --install-extension https://github.com/freeCodeCamp/freecodecamp-dark-vscode-theme/releases/download/v1.0.0/freecodecamp-dark-vscode-theme-1.0.0.vsix --port 23000 --host 0.0.0.0 --without-connection-token --server-data-dir /workspace/.vscode-remote --do-not-sync --start-server] <nil>). 
[15.008653356s] Terminating process didn't finish, but had to be force killed 
[15.008727947s] Terminating process node with PID 423 (state: S, cmdlind: [/ide/node /ide/extensions/redhat.vscode-yaml/dist/languageserver.js --node-ipc --clientProcessId=313] <nil>). 
[15.008875227s] Terminating process didn't finish, but had to be force killed 
[15.009340816s] Terminating process node with PID 313 (state: R, cmdlind: [] <nil>). 
[15.011486616s] Terminating process didn't finish, but had to be force killed 
[15.011887666s] Terminating process node with PID 313 (state: R, cmdlind: [] <nil>). 
[15.011914126s] Terminating process didn't finish, but had to be force killed 
[15.012199416s] Terminating process node with PID 313 (state: R, cmdlind: [] <nil>). 
[15.012247046s] Terminating process didn't finish, but had to be force killed 
[15.012647056s] Terminating process node with PID 313 (state: R, cmdlind: [] <nil>). 
[15.012670786s] Terminating process didn't finish, but had to be force killed 
[15.013006586s] Terminating process node with PID 313 (state: R, cmdlind: [] <nil>). 
[15.014078846s] Terminating process didn't finish, but had to be force killed 
[15.014404746s] Terminating process node with PID 313 (state: R, cmdlind: [] <nil>). 
[15.014440646s] Terminating process didn't finish, but had to be force killed 
[15.014719216s] Terminating process node with PID 313 (state: R, cmdlind: [] <nil>). 
[15.014742916s] Terminating process didn't finish, but had to be force killed 
[15.015048286s] Terminating process node with PID 313 (state: R, cmdlind: [] <nil>). 
[15.015068226s] Terminating process didn't finish, but had to be force killed 
[15.015412466s] Terminating process node with PID 313 (state: R, cmdlind: [] <nil>). 
[15.015454035s] Terminating process didn't finish, but had to be force killed 
[15.015711126s] Terminating process node with PID 313 (state: R, cmdlind: [] <nil>). 
[15.015754575s] Terminating process didn't finish, but had to be force killed 
[15.016000486s] Terminating process node with PID 313 (state: R, cmdlind: [] <nil>). 
[15.016020146s] Terminating process didn't finish, but had to be force killed 
[15.016567026s] Terminating process node with PID 313 (state: R, cmdlind: [] <nil>). 
[15.016594706s] Terminating process didn't finish, but had to be force killed 
[15.017006606s] Terminating process node with PID 313 (state: R, cmdlind: [] <nil>). 
[15.017028055s] Terminating process didn't finish, but had to be force killed 
[15.017304506s] Terminating process node with PID 313 (state: R, cmdlind: [] <nil>). 
[15.017339915s] Terminating process didn't finish, but had to be force killed 
[15.017584346s] Terminating process node with PID 313 (state: R, cmdlind: [] <nil>). 
[15.017605426s] Terminating process didn't finish, but had to be force killed 
[15.017929526s] Terminating process node with PID 313 (state: R, cmdlind: [] <nil>). 
[15.017974015s] Terminating process didn't finish, but had to be force killed 
[15.018207486s] Terminating process node with PID 313 (state: R, cmdlind: [] <nil>). 
[15.018231495s] Terminating process didn't finish, but had to be force killed 
[15.018409955s] Terminating process node with PID 313 (state: R, cmdlind: [] <nil>). 
[15.018434886s] Terminating process didn't finish, but had to be force killed 
[15.018611535s] Terminating process node with PID 313 (state: R, cmdlind: [] <nil>). 
[15.018628195s] Terminating process didn't finish, but had to be force killed 
[15.018820826s] Terminating process node with PID 313 (state: R, cmdlind: [] <nil>). 
[15.018834635s] Terminating process didn't finish, but had to be force killed 
[15.019049295s] Terminating process node with PID 313 (state: R, cmdlind: [] <nil>). 
[15.019064706s] Terminating process didn't finish, but had to be force killed 
[15.019279835s] Terminating process node with PID 313 (state: R, cmdlind: [] <nil>). 
[15.019299755s] Terminating process didn't finish, but had to be force killed 
[15.019489355s] Terminating process node with PID 313 (state: R, cmdlind: [] <nil>). 
[15.019509515s] Terminating process didn't finish, but had to be force killed 
[15.019720646s] Terminating process node with PID 313 (state: R, cmdlind: [] <nil>). 
[15.019736655s] Terminating process didn't finish, but had to be force killed 
[15.020000906s] Terminating process node with PID 313 (state: R, cmdlind: [] <nil>). 
[15.020020215s] Terminating process didn't finish, but had to be force killed 
[15.020252725s] Terminating process node with PID 313 (state: R, cmdlind: [] <nil>). 
[15.020277955s] Terminating process didn't finish, but had to be force killed 
[15.020518805s] Terminating process node with PID 313 (state: R, cmdlind: [] <nil>). 
[15.020538275s] Terminating process didn't finish, but had to be force killed 
[15.020755375s] Terminating process node with PID 313 (state: R, cmdlind: [] <nil>). 
[15.020772255s] Terminating process didn't finish, but had to be force killed 
[15.021046925s] Terminating process node with PID 313 (state: R, cmdlind: [] <nil>). 
[15.021066555s] Terminating process didn't finish, but had to be force killed 
[15.021285025s] Terminating process node with PID 313 (state: R, cmdlind: [] <nil>). 
[15.021305065s] Terminating process didn't finish, but had to be force killed 
[15.021536365s] Terminating process node with PID 313 (state: R, cmdlind: [] <nil>). 
[15.021555005s] Terminating process didn't finish, but had to be force killed 
[15.021727865s] Terminating process node with PID 313 (state: R, cmdlind: [] <nil>). 
[15.021788175s] Terminating process didn't finish, but had to be force killed 
[15.022017315s] Terminating process node with PID 313 (state: R, cmdlind: [] <nil>). 
[15.022036555s] Terminating process didn't finish, but had to be force killed 
[15.022256145s] Terminating process node with PID 313 (state: R, cmdlind: [] <nil>). 
[15.022275475s] Terminating process didn't finish, but had to be force killed 
[15.022501205s] Terminating process node with PID 313 (state: R, cmdlind: [] <nil>). 
[15.022522355s] Terminating process didn't finish, but had to be force killed 
[15.022723995s] Terminating process node with PID 313 (state: R, cmdlind: [] <nil>). 
[15.022741945s] Terminating process didn't finish, but had to be force killed 
[15.022976905s] Terminating process node with PID 313 (state: R, cmdlind: [] <nil>). 
[15.022994865s] Terminating process didn't finish, but had to be force killed 
[15.023237455s] Terminating process node with PID 313 (state: R, cmdlind: [] <nil>). 
[15.023267715s] Terminating process didn't finish, but had to be force killed 
[15.023504815s] Terminating process node with PID 313 (state: R, cmdlind: [] <nil>). 
[15.023525795s] Terminating process didn't finish, but had to be force killed 
[15.023718415s] Terminating process node with PID 313 (state: R, cmdlind: [] <nil>). 
[15.023738895s] Terminating process didn't finish, but had to be force killed 
[15.023986515s] Terminating process node with PID 313 (state: R, cmdlind: [] <nil>). 
[15.023999345s] Terminating process didn't finish, but had to be force killed 
[15.024223405s] Terminating process node with PID 313 (state: R, cmdlind: [] <nil>). 
[15.024243305s] Terminating process didn't finish, but had to be force killed 
[15.024570745s] Terminating process node with PID 313 (state: R, cmdlind: [] <nil>). 
[15.024605465s] Terminating process didn't finish, but had to be force killed 
[15.024921395s] Terminating process node with PID 313 (state: R, cmdlind: [] <nil>). 
[15.024939505s] Terminating process didn't finish, but had to be force killed 
[15.025146925s] Terminating process node with PID 313 (state: R, cmdlind: [] <nil>). 
[15.025164095s] Terminating process didn't finish, but had to be force killed 
[15.025427915s] Terminating process node with PID 313 (state: R, cmdlind: [] <nil>). 
[15.025446615s] Terminating process didn't finish, but had to be force killed 
[15.025673335s] Terminating process node with PID 313 (state: R, cmdlind: [] <nil>). 
[15.025695425s] Terminating process didn't finish, but had to be force killed 
[15.026407385s] Terminating process node with PID 313 (state: R, cmdlind: [] <nil>). 
[15.026441205s] Terminating process didn't finish, but had to be force killed 
[15.027304154s] Terminating process node with PID 313 (state: R, cmdlind: [] <nil>). 
[15.027327265s] Terminating process didn't finish, but had to be force killed 
[15.027581994s] Terminating process node with PID 313 (state: R, cmdlind: [] <nil>). 
[15.027604354s] Terminating process didn't finish, but had to be force killed 
[15.027892774s] Terminating process node with PID 313 (state: R, cmdlind: [] <nil>). 
[15.027910985s] Terminating process didn't finish, but had to be force killed 
[15.028103485s] Terminating process node with PID 313 (state: R, cmdlind: [] <nil>). 
[15.028125974s] Terminating process didn't finish, but had to be force killed 
[15.028367454s] Terminating process node with PID 313 (state: R, cmdlind: [] <nil>). 
[15.028390345s] Terminating process didn't finish, but had to be force killed 
[15.028562465s] Terminating process node with PID 313 (state: R, cmdlind: [] <nil>). 
[15.028581285s] Terminating process didn't finish, but had to be force killed 
[15.028770174s] Terminating process node with PID 313 (state: R, cmdlind: [] <nil>). 
[15.028788345s] Terminating process didn't finish, but had to be force killed 
[15.029007634s] Terminating process node with PID 313 (state: R, cmdlind: [] <nil>). 
[15.029028405s] Terminating process didn't finish, but had to be force killed 
[15.029267194s] Terminating process node with PID 313 (state: R, cmdlind: [] <nil>). 
[15.029289434s] Terminating process didn't finish, but had to be force killed 
[15.029513294s] Terminating process node with PID 313 (state: R, cmdlind: [] <nil>). 
[15.029533505s] Terminating process didn't finish, but had to be force killed 
[15.029786794s] Terminating process node with PID 313 (state: R, cmdlind: [] <nil>). 
[15.029821594s] Terminating process didn't finish, but had to be force killed 
[15.030082014s] Terminating process node with PID 313 (state: R, cmdlind: [] <nil>). 
[15.030099765s] Terminating process didn't finish, but had to be force killed 
[15.030279125s] Terminating process node with PID 313 (state: R, cmdlind: [] <nil>). 
[15.030293305s] Terminating process didn't finish, but had to be force killed 
[15.030511325s] Terminating process node with PID 313 (state: R, cmdlind: [] <nil>). 
[15.030531054s] Terminating process didn't finish, but had to be force killed 
[15.030701145s] Terminating process node with PID 313 (state: R, cmdlind: [] <nil>). 
[15.030730774s] Terminating process didn't finish, but had to be force killed 
[15.030991534s] Terminating process node with PID 313 (state: R, cmdlind: [] <nil>). 
[15.031011484s] Terminating process didn't finish, but had to be force killed 
[15.031231364s] Terminating process node with PID 313 (state: R, cmdlind: [] <nil>). 
[15.031253564s] Terminating process didn't finish, but had to be force killed 
[15.031453984s] Terminating process node with PID 313 (state: R, cmdlind: [] <nil>). 
[15.031467404s] Terminating process didn't finish, but had to be force killed 
[15.058343462s] Couldn't obtain process information for PID 67. 
[15.058536692s] Couldn't obtain process information for PID 313. 
[15.508219995s] Finished shutting down all processes. 
