2024-11-13 02:59:55.472 [info] Extension host with pid 2318 started
2024-11-13 02:59:55.472 [error] Error: EEXIST: file already exists, open '/workspace/.vscode-remote/data/User/workspaceStorage/641ba5dd/vscode.lock'
2024-11-13 02:59:55.478 [info] Lock '/workspace/.vscode-remote/data/User/workspaceStorage/641ba5dd/vscode.lock': Could not acquire lock, checking if the file is stale.
2024-11-13 02:59:55.479 [info] Lock '/workspace/.vscode-remote/data/User/workspaceStorage/641ba5dd/vscode.lock': The lock does not look stale, elapsed: 128 ms, giving up.
2024-11-13 02:59:55.486 [info] Lock '/workspace/.vscode-remote/data/User/workspaceStorage/641ba5dd-1/vscode.lock': Lock acquired.
2024-11-13 02:59:55.709 [info] ExtensionService#_doActivateExtension vscode.emmet, startup: false, activationEvent: 'onLanguage'
2024-11-13 02:59:55.709 [info] ExtensionService#_doActivateExtension gitpod.gitpod-web, startup: false, activationEvent: 'onAuthenticationRequest:gitpod'
2024-11-13 02:59:56.317 [info] ExtensionService#_doActivateExtension vscode.git-base, startup: true, activationEvent: '*', root cause: vscode.git
2024-11-13 02:59:56.508 [info] ExtensionService#_doActivateExtension vscode.git, startup: true, activationEvent: '*'
2024-11-13 02:59:56.508 [info] ExtensionService#_doActivateExtension vscode.github, startup: true, activationEvent: '*'
2024-11-13 02:59:56.832 [info] Eager extensions activated
2024-11-13 02:59:56.833 [info] ExtensionService#_doActivateExtension vscode.debug-auto-launch, startup: false, activationEvent: 'onStartupFinished'
2024-11-13 02:59:56.833 [info] ExtensionService#_doActivateExtension vscode.merge-conflict, startup: false, activationEvent: 'onStartupFinished'
2024-11-13 02:59:56.833 [info] ExtensionService#_doActivateExtension vscode.github-authentication, startup: false, activationEvent: 'onStartupFinished', root cause: GitHub.vscode-pull-request-github
2024-11-13 02:59:56.888 [info] ExtensionService#_doActivateExtension redhat.vscode-yaml, startup: false, activationEvent: 'onLanguage:yaml'
2024-11-13 02:59:57.137 [info] ExtensionService#_doActivateExtension GitHub.vscode-pull-request-github, startup: false, activationEvent: 'onStartupFinished'
2024-11-13 02:59:57.778 [warning] [redhat.vscode-yaml] Accessing a resource scoped configuration without providing a resource is not expected. To get the effective value for '[yaml]', provide the URI of a resource or 'null' for any resource.
2024-11-13 02:59:57.780 [warning] [redhat.vscode-yaml] Accessing a resource scoped configuration without providing a resource is not expected. To get the effective value for '[yaml]', provide the URI of a resource or 'null' for any resource.
2024-11-13 02:59:59.204 [error] Error: EEXIST: file already exists, open '/tmp/tmp_vsix_65004081c051c29d219eda6b12e164a3'
2024-11-13 03:00:30.213 [error] Error: Request timeout after 30s
	at ClientRequest.<anonymous> (/ide/extensions/gitpod-web/out/extension.js:2:1430764)
	at Object.onceWrapper (node:events:633:28)
	at ClientRequest.emit (node:events:519:28)
	at TLSSocket.emitRequestTimeout (node:_http_client:849:9)
	at Object.onceWrapper (node:events:633:28)
	at TLSSocket.emit (node:events:531:35)
	at Socket._onTimeout (node:net:591:8)
	at listOnTimeout (node:internal/timers:581:17)
	at process.processTimers (node:internal/timers:519:7)
