2024-11-13 14:23:18.507 [info] [main] Log level: Info
2024-11-13 14:23:18.507 [info] [main] Validating found git in: "git"
2024-11-13 14:23:18.507 [info] [main] Using git "2.46.0" from "git"
2024-11-13 14:23:18.507 [info] [Model][doInitialScan] Initial repository scan started
2024-11-13 14:23:18.507 [info] > git rev-parse --show-toplevel [3ms]
2024-11-13 14:23:18.507 [info] > git rev-parse --git-dir --git-common-dir [6ms]
2024-11-13 14:23:18.507 [info] [Model][openRepository] Opened repository: /workspace/boilerplate-demographic-data-analyzer
2024-11-13 14:23:18.507 [info] > git config --get commit.template [4ms]
2024-11-13 14:23:18.507 [info] > git rev-parse --show-toplevel [6ms]
2024-11-13 14:23:18.507 [info] > git for-each-ref --format=%(refname)%00%(upstream:short)%00%(objectname)%00%(upstream:track)%00%(upstream:remotename)%00%(upstream:remoteref) refs/heads/main refs/remotes/main [6ms]
2024-11-13 14:23:18.507 [warning] [Git][revParse] Unable to read file: ENOENT: no such file or directory, open '/workspace/boilerplate-demographic-data-analyzer/.git/refs/remotes/origin/main'
2024-11-13 14:23:18.507 [info] > git rev-parse --show-toplevel [4ms]
2024-11-13 14:23:18.507 [info] [Model][doInitialScan] Initial repository scan completed - repositories (1), closed repositories (0), parent repositories (0), unsafe repositories (0)
2024-11-13 14:23:18.507 [info] > git rev-parse refs/remotes/origin/main [1ms]
2024-11-13 14:23:18.507 [info] > git status -z -uall [4ms]
2024-11-13 14:23:18.507 [info] > git for-each-ref --sort -committerdate --format %(refname) %(objectname) %(*objectname) [3ms]
2024-11-13 14:23:18.507 [info] > git for-each-ref --format=%(refname)%00%(upstream:short)%00%(objectname)%00%(upstream:track)%00%(upstream:remotename)%00%(upstream:remoteref) refs/heads/main refs/remotes/main [6ms]
2024-11-13 14:23:18.507 [info] > git config --get commit.template [5ms]
2024-11-13 14:23:18.507 [info] > git config --local branch.main.vscode-merge-base [5ms]
2024-11-13 14:23:18.507 [info] > git for-each-ref --format=%(refname)%00%(upstream:short)%00%(objectname)%00%(upstream:track)%00%(upstream:remotename)%00%(upstream:remoteref) refs/heads/main refs/remotes/main [5ms]
2024-11-13 14:23:18.507 [warning] [Git][revParse] Unable to read file: ENOENT: no such file or directory, open '/workspace/boilerplate-demographic-data-analyzer/.git/refs/remotes/origin/main'
2024-11-13 14:23:18.507 [info] > git for-each-ref --format=%(refname)%00%(upstream:short)%00%(objectname)%00%(upstream:track)%00%(upstream:remotename)%00%(upstream:remoteref) refs/heads/origin/main refs/remotes/origin/main [4ms]
2024-11-13 14:23:18.507 [info] > git merge-base refs/heads/main refs/remotes/origin/main [11ms]
2024-11-13 14:23:18.507 [info] > git rev-parse refs/remotes/origin/main [21ms]
2024-11-13 14:23:18.508 [info] > git status -z -uall [6ms]
2024-11-13 14:23:18.508 [info] > git for-each-ref --sort -committerdate --format %(refname) %(objectname) %(*objectname) [3ms]
2024-11-13 14:23:18.508 [info] > git diff --name-status -z --diff-filter=ADMR 1fed7bb013559779ec8e23a0809644b1581df072...refs/remotes/origin/main [18ms]
2024-11-13 14:23:18.508 [info] > git merge-base refs/heads/main refs/remotes/origin/main [2ms]
2024-11-13 14:23:18.508 [info] > git diff --name-status -z --diff-filter=ADMR 1fed7bb013559779ec8e23a0809644b1581df072...refs/remotes/origin/main [3ms]
2024-11-13 14:23:18.796 [info] > git show --textconv :demographic_data_analyzer.py [7ms]
2024-11-13 14:23:18.797 [info] > git ls-files --stage -- /workspace/boilerplate-demographic-data-analyzer/demographic_data_analyzer.py [2ms]
2024-11-13 14:23:18.805 [info] > git cat-file -s 90a98ec6eafcf02f9ff4a45bc4197c85810a76ab [3ms]
2024-11-13 14:23:19.011 [info] > git check-ignore -v -z --stdin [2ms]
2024-11-13 14:23:21.686 [info] > git config --local branch.main.github-pr-owner-number [3ms]
2024-11-13 14:23:21.686 [warning] [Git][config] git config failed: Failed to execute git
